<?xml version="1.0" encoding="UTF-8"?>
<!-- Generated by org.testng.reporters.JUnitReportReporter -->
<testsuite hostname="middleware-XPS-8300" name="org.genericsystem.mutability.InstanciationTest" tests="10" failures="0" timestamp="2 Mar 2015 10:19:23 GMT" time="0.069" errors="0">
  <testcase name="test5TypeInstanciationWithMultipleInheritence" time="0.010" classname="org.genericsystem.mutability.InstanciationTest"/>
  <testcase name="testTwoTypeInstanciationDifferentNames" time="0.007" classname="org.genericsystem.mutability.InstanciationTest"/>
  <testcase name="testTwoTypeInstanciationSameNamesSetInstance" time="0.005" classname="org.genericsystem.mutability.InstanciationTest"/>
  <testcase name="testTypeInstanciationWithSelfInheritance" time="0.007" classname="org.genericsystem.mutability.InstanciationTest"/>
  <testcase name="testEngineInstanciation" time="0.003" classname="org.genericsystem.mutability.InstanciationTest"/>
  <testcase name="testTypeInstanciation" time="0.005" classname="org.genericsystem.mutability.InstanciationTest"/>
  <testcase name="test6TypeInstanciationWithMultipleInheritence" time="0.014" classname="org.genericsystem.mutability.InstanciationTest"/>
  <testcase name="testTwoTypeInstanciationWithInheritance" time="0.007" classname="org.genericsystem.mutability.InstanciationTest"/>
  <testcase name="test3TypeInstanciationWithMultipleInheritence" time="0.006" classname="org.genericsystem.mutability.InstanciationTest"/>
  <testcase name="testTwoTypeInstanciationSameNamesAddInstance" time="0.005" classname="org.genericsystem.mutability.InstanciationTest"/>
</testsuite> <!-- org.genericsystem.mutability.InstanciationTest -->
