<?xml version="1.0" encoding="UTF-8"?>
<!-- Generated by org.testng.reporters.JUnitReportReporter -->
<testsuite hostname="middleware-XPS-8300" name="org.genericsystem.mutability.UpdateWithCacheTest" tests="5" failures="0" timestamp="2 Mar 2015 10:19:23 GMT" time="0.036" errors="0">
  <testcase name="test007_simulateRollback" time="0.005" classname="org.genericsystem.mutability.UpdateWithCacheTest"/>
  <testcase name="test006_attributeToRelation" time="0.010" classname="org.genericsystem.mutability.UpdateWithCacheTest"/>
  <testcase name="test004_updateHolder" time="0.004" classname="org.genericsystem.mutability.UpdateWithCacheTest"/>
  <testcase name="test007_structurel_WithInheritings_AndInstances" time="0.012" classname="org.genericsystem.mutability.UpdateWithCacheTest"/>
  <testcase name="test005_updateSuper" time="0.005" classname="org.genericsystem.mutability.UpdateWithCacheTest"/>
</testsuite> <!-- org.genericsystem.mutability.UpdateWithCacheTest -->
