<?xml version="1.0" encoding="UTF-8"?>
<!-- Generated by org.testng.reporters.JUnitReportReporter -->
<testsuite hostname="middleware-XPS-8300" name="org.genericsystem.mutability.ReferentialIntegrityConstraintTest" tests="9" failures="0" timestamp="2 Mar 2015 10:19:23 GMT" time="0.071" errors="0">
  <testcase name="test008_enableReferentialIntegrity_remove" time="0.009" classname="org.genericsystem.mutability.ReferentialIntegrityConstraintTest"/>
  <testcase name="test005_enableReferentialIntegrity_remove2" time="0.009" classname="org.genericsystem.mutability.ReferentialIntegrityConstraintTest"/>
  <testcase name="test005_enableReferentialIntegrity_remove3" time="0.010" classname="org.genericsystem.mutability.ReferentialIntegrityConstraintTest"/>
  <testcase name="test006_enableReferentialIntegrity_remove" time="0.007" classname="org.genericsystem.mutability.ReferentialIntegrityConstraintTest"/>
  <testcase name="test004_enableReferentialIntegrity_remove" time="0.007" classname="org.genericsystem.mutability.ReferentialIntegrityConstraintTest"/>
  <testcase name="test007_enableReferentialIntegrity_remove" time="0.007" classname="org.genericsystem.mutability.ReferentialIntegrityConstraintTest"/>
  <testcase name="test005_enableReferentialIntegrity_remove" time="0.009" classname="org.genericsystem.mutability.ReferentialIntegrityConstraintTest"/>
  <testcase name="test002_enableReferentialIntegrity_remove" time="0.005" classname="org.genericsystem.mutability.ReferentialIntegrityConstraintTest"/>
  <testcase name="test001_enableReferentialIntegrity_remove" time="0.008" classname="org.genericsystem.mutability.ReferentialIntegrityConstraintTest"/>
</testsuite> <!-- org.genericsystem.mutability.ReferentialIntegrityConstraintTest -->
