<?xml version="1.0" encoding="UTF-8"?>
<!-- Generated by org.testng.reporters.JUnitReportReporter -->
<testsuite hostname="middleware-XPS-8300" name="org.genericsystem.mutability.WeakEquivTest" tests="2" failures="0" timestamp="2 Mar 2015 10:19:23 GMT" time="0.028" errors="0">
  <testcase name="test004_weakEquiv_Relation_SingularConstraintAndReferencialIntegrity_supers" time="0.012" classname="org.genericsystem.mutability.WeakEquivTest"/>
  <testcase name="test005_weakEquiv_Relation_SingularConstraintAndReferencialIntegrity_setInstance" time="0.016" classname="org.genericsystem.mutability.WeakEquivTest"/>
</testsuite> <!-- org.genericsystem.mutability.WeakEquivTest -->
