<?xml version="1.0" encoding="UTF-8"?>
<!-- Generated by org.testng.reporters.JUnitReportReporter -->
<testsuite hostname="middleware-XPS-8300" name="org.genericsystem.mutability.MutabilityTest" tests="4" failures="0" timestamp="2 Mar 2015 10:19:23 GMT" time="0.018" errors="0">
  <testcase name="test002" time="0.005" classname="org.genericsystem.mutability.MutabilityTest"/>
  <testcase name="test003" time="0.005" classname="org.genericsystem.mutability.MutabilityTest"/>
  <testcase name="test001" time="0.002" classname="org.genericsystem.mutability.MutabilityTest"/>
  <testcase name="test004" time="0.006" classname="org.genericsystem.mutability.MutabilityTest"/>
</testsuite> <!-- org.genericsystem.mutability.MutabilityTest -->
