<?xml version="1.0" encoding="UTF-8"?>
<!-- Generated by org.testng.reporters.JUnitReportReporter -->
<testsuite hostname="middleware-XPS-8300" name="org.genericsystem.mutability.IteratorAndRemoveTest" tests="5" failures="0" timestamp="2 Mar 2015 10:19:23 GMT" time="0.034" errors="0">
  <testcase name="test007_IterateAndRemoveInLoop_attributes" time="0.005" classname="org.genericsystem.mutability.IteratorAndRemoveTest"/>
  <testcase name="test005_IterateAndRemoveInLoop_beforeFindIt" time="0.007" classname="org.genericsystem.mutability.IteratorAndRemoveTest"/>
  <testcase name="test004_IterateAndRemoveInLoop_beforeFindIt" time="0.008" classname="org.genericsystem.mutability.IteratorAndRemoveTest"/>
  <testcase name="test006_IterateAndRemoveInLoop_attributes" time="0.006" classname="org.genericsystem.mutability.IteratorAndRemoveTest"/>
  <testcase name="test002_IterateAndRemove" time="0.008" classname="org.genericsystem.mutability.IteratorAndRemoveTest"/>
</testsuite> <!-- org.genericsystem.mutability.IteratorAndRemoveTest -->
