<?xml version="1.0" encoding="UTF-8"?>
<!-- Generated by org.testng.reporters.JUnitReportReporter -->
<testsuite hostname="middleware-XPS-8300" name="org.genericsystem.mutability.AnnotationTest" tests="21" failures="0" timestamp="2 Mar 2015 10:19:23 GMT" time="0.330" errors="0">
  <testcase name="test000_Generic" time="0.022" classname="org.genericsystem.mutability.AnnotationTest"/>
  <testcase name="test009_SymetricSuperRelation" time="0.019" classname="org.genericsystem.mutability.AnnotationTest"/>
  <testcase name="test011_getDirectSubGenericsWithDiamondProblem" time="0.017" classname="org.genericsystem.mutability.AnnotationTest"/>
  <testcase name="test001_remove" time="0.006" classname="org.genericsystem.mutability.AnnotationTest"/>
  <testcase name="test004_instanceof" time="0.007" classname="org.genericsystem.mutability.AnnotationTest"/>
  <testcase name="test002_instanceof" time="0.011" classname="org.genericsystem.mutability.AnnotationTest"/>
  <testcase name="test012_Value" time="0.024" classname="org.genericsystem.mutability.AnnotationTest"/>
  <testcase name="test006_AttributeOnAttribute" time="0.018" classname="org.genericsystem.mutability.AnnotationTest"/>
  <testcase name="test005_SuperAttribute" time="0.015" classname="org.genericsystem.mutability.AnnotationTest"/>
  <testcase name="test003_instanceof" time="0.009" classname="org.genericsystem.mutability.AnnotationTest"/>
  <testcase name="test008_SubRelation" time="0.017" classname="org.genericsystem.mutability.AnnotationTest"/>
  <testcase name="test014_MultiInheritanceComplexValue" time="0.029" classname="org.genericsystem.mutability.AnnotationTest"/>
  <testcase name="test001_instanceof" time="0.010" classname="org.genericsystem.mutability.AnnotationTest"/>
  <testcase name="test002_SuperGeneric" time="0.012" classname="org.genericsystem.mutability.AnnotationTest"/>
  <testcase name="test007_Relation" time="0.014" classname="org.genericsystem.mutability.AnnotationTest"/>
  <testcase name="test010_TernaryRelation" time="0.020" classname="org.genericsystem.mutability.AnnotationTest"/>
  <testcase name="test004_AttributeValue" time="0.022" classname="org.genericsystem.mutability.AnnotationTest"/>
  <testcase name="test003_Attribute" time="0.013" classname="org.genericsystem.mutability.AnnotationTest"/>
  <testcase name="test013_MultiInheritanceComplexStructural" time="0.020" classname="org.genericsystem.mutability.AnnotationTest"/>
  <testcase name="test001_Generic" time="0.016" classname="org.genericsystem.mutability.AnnotationTest"/>
  <testcase name="test002_instanceof_getInstances" time="0.009" classname="org.genericsystem.mutability.AnnotationTest"/>
</testsuite> <!-- org.genericsystem.mutability.AnnotationTest -->
