<?xml version="1.0" encoding="UTF-8"?>
<!-- Generated by org.testng.reporters.JUnitReportReporter -->
<testsuite hostname="middleware-XPS-8300" name="org.genericsystem.mutability.BindingServiceTest" tests="2" failures="0" timestamp="2 Mar 2015 10:19:23 GMT" time="0.008" errors="0">
  <testcase name="test002_addSameValueKO" time="0.004" classname="org.genericsystem.mutability.BindingServiceTest"/>
  <testcase name="test001_addInstance" time="0.004" classname="org.genericsystem.mutability.BindingServiceTest"/>
</testsuite> <!-- org.genericsystem.mutability.BindingServiceTest -->
