<?xml version="1.0" encoding="UTF-8"?>
<!-- Generated by org.testng.reporters.JUnitReportReporter -->
<testsuite hostname="middleware-XPS-8300" name="org.genericsystem.mutability.AttributesTest" tests="27" failures="0" timestamp="2 Mar 2015 10:19:23 GMT" time="0.453" errors="0">
  <testcase name="test1AttributWith3LevelsInheritance1AttributOnParent1AttributOnSecondChild" time="0.017" classname="org.genericsystem.mutability.AttributesTest"/>
  <testcase name="test1AttributWith3LevelsInheritance1AttributOnParent" time="0.016" classname="org.genericsystem.mutability.AttributesTest"/>
  <testcase name="test1AttributWith3LevelsInheritance2ChildrenAt2ndLevel1ChildAtThirdLevel1AttributLevel1FistChild" time="0.016" classname="org.genericsystem.mutability.AttributesTest"/>
  <testcase name="test2AttributsWith3LevelsInheritance2ChildrenAt2ndLevel1ChildAtThirdLevel2AttributsOnParent" time="0.018" classname="org.genericsystem.mutability.AttributesTest"/>
  <testcase name="test2AttributsWith3LevelsInheritance2ChildrenAt2ndLevel1ChildAtThirdLevel2AttributsLevel1SecondChild" time="0.017" classname="org.genericsystem.mutability.AttributesTest"/>
  <testcase name="test2AttributsWith2LevelsInheritance2AttributsOnParent" time="0.014" classname="org.genericsystem.mutability.AttributesTest"/>
  <testcase name="test2AttributsWith3LevelsInheritance2ChildrenAt2ndLevel1ChildAtThirdLevel2AttributsLevel1FirstChild" time="0.017" classname="org.genericsystem.mutability.AttributesTest"/>
  <testcase name="test1AttributWith2LevelsInheritance2ChildrenAt2ndLevel1AttributOnParent" time="0.021" classname="org.genericsystem.mutability.AttributesTest"/>
  <testcase name="test1AttributWith2LevelsInheritance2ChildrenAt2ndLevel1AttributOnLevel1FirstChild" time="0.021" classname="org.genericsystem.mutability.AttributesTest"/>
  <testcase name="test1AttributWith3LevelsInheritance2AttributFirstChild" time="0.022" classname="org.genericsystem.mutability.AttributesTest"/>
  <testcase name="test1AttributWith2LevelsInheritance1AttributOnParent" time="0.023" classname="org.genericsystem.mutability.AttributesTest"/>
  <testcase name="test2AttributsWith2LevelsInheritance1AttributOnParentAnd1AttributOnFistChild" time="0.013" classname="org.genericsystem.mutability.AttributesTest"/>
  <testcase name="test2AttributsWith3LevelsInheritance2ChildrenAt2ndLevel1ChildAtThirdLevel2AttributsLevel2" time="0.016" classname="org.genericsystem.mutability.AttributesTest"/>
  <testcase name="test1AttributWith3LevelsInheritance1AttributFirstChild1AttributOnSecondChild" time="0.026" classname="org.genericsystem.mutability.AttributesTest"/>
  <testcase name="test1AttributWith3LevelsInheritance1AttributOnSecondChild" time="0.015" classname="org.genericsystem.mutability.AttributesTest"/>
  <testcase name="test1AttributWith3LevelsInheritance2ChildrenAt2ndLevel1ChildAtThirdLevel1AttributOnParent" time="0.016" classname="org.genericsystem.mutability.AttributesTest"/>
  <testcase name="test1AttributWith3LevelsInheritance1AttributOnParent1AttributOnFirstChild" time="0.019" classname="org.genericsystem.mutability.AttributesTest"/>
  <testcase name="test1AttributWith3LevelsInheritance2ChildrenAt2ndLevel1ChildAtThirdLevel1AttributLevel1SecondChild" time="0.017" classname="org.genericsystem.mutability.AttributesTest"/>
  <testcase name="test1AttributWith2LevelsInheritance1AttributOnFistChild" time="0.016" classname="org.genericsystem.mutability.AttributesTest"/>
  <testcase name="test1AttributWith3LevelsInheritance2ChildrenAt2ndLevel1ChildAtThirdLevel1AttributLevel2Child1" time="0.015" classname="org.genericsystem.mutability.AttributesTest"/>
  <testcase name="test1AttributWith3LevelsInheritance1AttributOnFirstChild" time="0.015" classname="org.genericsystem.mutability.AttributesTest"/>
  <testcase name="test2Attributs" time="0.010" classname="org.genericsystem.mutability.AttributesTest"/>
  <testcase name="test1AttributWith2LevelsInheritance2ChildrenAt2ndLevel1AttributOnLevel1SecondChild" time="0.020" classname="org.genericsystem.mutability.AttributesTest"/>
  <testcase name="test1AttributWith3LevelsInheritance2AttributOnParent" time="0.017" classname="org.genericsystem.mutability.AttributesTest"/>
  <testcase name="test2AttributsWith2LevelsInheritance2AttributsOnFistChild" time="0.012" classname="org.genericsystem.mutability.AttributesTest"/>
  <testcase name="test1AttributWith3LevelsInheritance2AttributOnSecondChild" time="0.015" classname="org.genericsystem.mutability.AttributesTest"/>
  <testcase name="test1Attribut" time="0.009" classname="org.genericsystem.mutability.AttributesTest"/>
</testsuite> <!-- org.genericsystem.mutability.AttributesTest -->
