<?xml version="1.0" encoding="UTF-8"?>
<!-- Generated by org.testng.reporters.JUnitReportReporter -->
<testsuite hostname="middleware-XPS-8300" name="org.genericsystem.mutability.RequiredConstraintTest" tests="5" failures="0" timestamp="2 Mar 2015 10:19:23 GMT" time="0.041" errors="0">
  <testcase name="test01_Inheritance" time="0.008" classname="org.genericsystem.mutability.RequiredConstraintTest"/>
  <testcase name="test001_enableRequired" time="0.012" classname="org.genericsystem.mutability.RequiredConstraintTest"/>
  <testcase name="test001_Inheritance" time="0.008" classname="org.genericsystem.mutability.RequiredConstraintTest"/>
  <testcase name="test000_Inheritance" time="0.007" classname="org.genericsystem.mutability.RequiredConstraintTest"/>
  <testcase name="test00_Inheritance" time="0.006" classname="org.genericsystem.mutability.RequiredConstraintTest"/>
</testsuite> <!-- org.genericsystem.mutability.RequiredConstraintTest -->
