<?xml version="1.0" encoding="UTF-8"?>
<!-- Generated by org.testng.reporters.JUnitReportReporter -->
<testsuite hostname="middleware-XPS-8300" name="org.genericsystem.mutability.MultiInheritanceTest" tests="2" failures="0" timestamp="2 Mar 2015 10:19:23 GMT" time="0.028" errors="0">
  <testcase name="multiInheritanceWithDiamond" time="0.017" classname="org.genericsystem.mutability.MultiInheritanceTest"/>
  <testcase name="multiInheritance" time="0.011" classname="org.genericsystem.mutability.MultiInheritanceTest"/>
</testsuite> <!-- org.genericsystem.mutability.MultiInheritanceTest -->
