<?xml version="1.0" encoding="UTF-8"?>
<!-- Generated by org.testng.reporters.JUnitReportReporter -->
<testsuite hostname="middleware-XPS-8300" name="org.genericsystem.mutability.VertexTest" tests="14" failures="0" timestamp="2 Mar 2015 10:19:23 GMT" time="0.093" errors="0">
  <testcase name="test11" time="0.003" classname="org.genericsystem.mutability.VertexTest"/>
  <testcase name="test6" time="0.009" classname="org.genericsystem.mutability.VertexTest"/>
  <testcase name="test7" time="0.009" classname="org.genericsystem.mutability.VertexTest"/>
  <testcase name="test5" time="0.007" classname="org.genericsystem.mutability.VertexTest"/>
  <testcase name="test002_getSuperComponents" time="0.008" classname="org.genericsystem.mutability.VertexTest"/>
  <testcase name="test8" time="0.009" classname="org.genericsystem.mutability.VertexTest"/>
  <testcase name="test001_getMetaComponents" time="0.005" classname="org.genericsystem.mutability.VertexTest"/>
  <testcase name="test9" time="0.009" classname="org.genericsystem.mutability.VertexTest"/>
  <testcase name="test001_getInheritings" time="0.004" classname="org.genericsystem.mutability.VertexTest"/>
  <testcase name="test3" time="0.008" classname="org.genericsystem.mutability.VertexTest"/>
  <testcase name="test001_getSuperComponents" time="0.005" classname="org.genericsystem.mutability.VertexTest"/>
  <testcase name="test4" time="0.007" classname="org.genericsystem.mutability.VertexTest"/>
  <testcase name="test10" time="0.004" classname="org.genericsystem.mutability.VertexTest"/>
  <testcase name="test001_getInstances" time="0.006" classname="org.genericsystem.mutability.VertexTest"/>
</testsuite> <!-- org.genericsystem.mutability.VertexTest -->
