<?xml version="1.0" encoding="UTF-8"?>
<!-- Generated by org.testng.reporters.JUnitReportReporter -->
<testsuite hostname="middleware-XPS-8300" name="org.genericsystem.mutability.AncestorsServiceTest" tests="4" failures="0" timestamp="2 Mar 2015 10:19:23 GMT" time="0.370" errors="0">
  <testcase name="isAncestorOfByInheritenceSimpleConfiguration" time="0.023" classname="org.genericsystem.mutability.AncestorsServiceTest"/>
  <testcase name="isAncestorOfViaComponent" time="0.039" classname="org.genericsystem.mutability.AncestorsServiceTest"/>
  <testcase name="isAncestorOfByInheritence" time="0.283" classname="org.genericsystem.mutability.AncestorsServiceTest"/>
  <testcase name="isAncestorOfViaComposite" time="0.025" classname="org.genericsystem.mutability.AncestorsServiceTest"/>
</testsuite> <!-- org.genericsystem.mutability.AncestorsServiceTest -->
