<?xml version="1.0" encoding="UTF-8"?>
<!-- Generated by org.testng.reporters.JUnitReportReporter -->
<testsuite hostname="middleware-G551JM" name="org.genericsystem.example.MyConstraint" tests="2" failures="0" timestamp="28 Feb 2015 09:36:49 GMT" time="0.160" errors="0">
  <testcase name="createByApi" time="0.141" classname="org.genericsystem.example.MyConstraint"/>
  <testcase name="createByFullAnnot" time="0.019" classname="org.genericsystem.example.MyConstraint"/>
</testsuite> <!-- org.genericsystem.example.MyConstraint -->
