<?xml version="1.0" encoding="UTF-8"?>
<!-- Generated by org.testng.reporters.JUnitReportReporter -->
<testsuite hostname="middleware-XPS-8300" name="org.genericsystem.issuetracker.JsonTest" tests="1" failures="0" timestamp="8 Jan 2015 14:24:46 GMT" time="0.040" errors="0">
  <testcase name="createAndParseJson" time="0.040" classname="org.genericsystem.issuetracker.JsonTest"/>
</testsuite> <!-- org.genericsystem.issuetracker.JsonTest -->
