<?xml version="1.0" encoding="UTF-8" ?>
<testsuite tests="240" failures="0" name="TestSuite" time="3.135" errors="0" skipped="0">
  <properties>
    <property name="java.runtime.name" value="Java(TM) SE Runtime Environment"/>
    <property name="sun.boot.library.path" value="/usr/lib/jvm/java-8-oracle/jre/lib/amd64"/>
    <property name="java.vm.version" value="25.31-b07"/>
    <property name="java.vm.vendor" value="Oracle Corporation"/>
    <property name="java.vendor.url" value="http://java.oracle.com/"/>
    <property name="path.separator" value=":"/>
    <property name="guice.disable.misplaced.annotation.check" value="true"/>
    <property name="java.vm.name" value="Java HotSpot(TM) 64-Bit Server VM"/>
    <property name="file.encoding.pkg" value="sun.io"/>
    <property name="user.country" value="FR"/>
    <property name="sun.java.launcher" value="SUN_STANDARD"/>
    <property name="sun.os.patch.level" value="unknown"/>
    <property name="java.vm.specification.name" value="Java Virtual Machine Specification"/>
    <property name="user.dir" value="/home/middleware/git/genericsystem2014"/>
    <property name="java.runtime.version" value="1.8.0_31-b13"/>
    <property name="java.awt.graphicsenv" value="sun.awt.X11GraphicsEnvironment"/>
    <property name="java.endorsed.dirs" value="/usr/lib/jvm/java-8-oracle/jre/lib/endorsed"/>
    <property name="os.arch" value="amd64"/>
    <property name="java.io.tmpdir" value="/tmp"/>
    <property name="line.separator" value="
"/>
    <property name="java.vm.specification.vendor" value="Oracle Corporation"/>
    <property name="os.name" value="Linux"/>
    <property name="classworlds.conf" value="/home/middleware/workspace/.metadata/.plugins/org.eclipse.m2e.launching/launches/m2conf147904838305777937.tmp"/>
    <property name="sun.jnu.encoding" value="UTF-8"/>
    <property name="java.library.path" value="/usr/java/packages/lib/amd64:/usr/lib64:/lib64:/lib:/usr/lib"/>
    <property name="java.specification.name" value="Java Platform API Specification"/>
    <property name="java.class.version" value="52.0"/>
    <property name="sun.management.compiler" value="HotSpot 64-Bit Tiered Compilers"/>
    <property name="os.version" value="3.16.0-31-generic"/>
    <property name="user.home" value="/home/middleware"/>
    <property name="user.timezone" value="Europe/Paris"/>
    <property name="java.awt.printerjob" value="sun.print.PSPrinterJob"/>
    <property name="file.encoding" value="UTF-8"/>
    <property name="java.specification.version" value="1.8"/>
    <property name="user.name" value="middleware"/>
    <property name="java.class.path" value="/home/middleware/eclipse-luna2/eclipse/plugins/org.eclipse.m2e.maven.runtime_1.5.0.20140605-2032/jars/plexus-classworlds-2.5.1.jar"/>
    <property name="org.slf4j.simpleLogger.defaultLogLevel" value="info"/>
    <property name="java.vm.specification.version" value="1.8"/>
    <property name="sun.arch.data.model" value="64"/>
    <property name="java.home" value="/usr/lib/jvm/java-8-oracle/jre"/>
    <property name="sun.java.command" value="org.codehaus.plexus.classworlds.launcher.Launcher -B install"/>
    <property name="java.specification.vendor" value="Oracle Corporation"/>
    <property name="user.language" value="fr"/>
    <property name="awt.toolkit" value="sun.awt.X11.XToolkit"/>
    <property name="java.vm.info" value="mixed mode"/>
    <property name="java.version" value="1.8.0_31"/>
    <property name="java.ext.dirs" value="/usr/lib/jvm/java-8-oracle/jre/lib/ext:/usr/java/packages/lib/ext"/>
    <property name="securerandom.source" value="file:/dev/./urandom"/>
    <property name="sun.boot.class.path" value="/usr/lib/jvm/java-8-oracle/jre/lib/resources.jar:/usr/lib/jvm/java-8-oracle/jre/lib/rt.jar:/usr/lib/jvm/java-8-oracle/jre/lib/sunrsasign.jar:/usr/lib/jvm/java-8-oracle/jre/lib/jsse.jar:/usr/lib/jvm/java-8-oracle/jre/lib/jce.jar:/usr/lib/jvm/java-8-oracle/jre/lib/charsets.jar:/usr/lib/jvm/java-8-oracle/jre/lib/jfr.jar:/usr/lib/jvm/java-8-oracle/jre/classes"/>
    <property name="java.vendor" value="Oracle Corporation"/>
    <property name="maven.home" value="/home/middleware/git/genericsystem2014/EMBEDDED"/>
    <property name="file.separator" value="/"/>
    <property name="java.vendor.url.bug" value="http://bugreport.sun.com/bugreport/"/>
    <property name="sun.cpu.endian" value="little"/>
    <property name="sun.io.unicode.encoding" value="UnicodeLittle"/>
    <property name="sun.cpu.isalist" value=""/>
  </properties>
  <testcase classname="org.genericsystem.mutability.AncestorsServiceTest" name="isAncestorOfByInheritence" time="0.282"/>
  <testcase classname="org.genericsystem.mutability.AncestorsServiceTest" name="isAncestorOfByInheritenceSimpleConfiguration" time="0.023"/>
  <testcase classname="org.genericsystem.mutability.AncestorsServiceTest" name="isAncestorOfViaComponent" time="0.039"/>
  <testcase classname="org.genericsystem.mutability.AncestorsServiceTest" name="isAncestorOfViaComposite" time="0.024"/>
  <testcase classname="org.genericsystem.mutability.AnnotationTest" name="test000_Generic" time="0.022"/>
  <testcase classname="org.genericsystem.mutability.AnnotationTest" name="test001_Generic" time="0.016"/>
  <testcase classname="org.genericsystem.mutability.AnnotationTest" name="test001_instanceof" time="0.01"/>
  <testcase classname="org.genericsystem.mutability.AnnotationTest" name="test001_remove" time="0.007"/>
  <testcase classname="org.genericsystem.mutability.AnnotationTest" name="test002_SuperGeneric" time="0.012"/>
  <testcase classname="org.genericsystem.mutability.AnnotationTest" name="test002_instanceof" time="0.011"/>
  <testcase classname="org.genericsystem.mutability.AnnotationTest" name="test002_instanceof_getInstances" time="0.008"/>
  <testcase classname="org.genericsystem.mutability.AnnotationTest" name="test003_Attribute" time="0.013"/>
  <testcase classname="org.genericsystem.mutability.AnnotationTest" name="test003_instanceof" time="0.008"/>
  <testcase classname="org.genericsystem.mutability.AnnotationTest" name="test004_AttributeValue" time="0.022"/>
  <testcase classname="org.genericsystem.mutability.AnnotationTest" name="test004_instanceof" time="0.007"/>
  <testcase classname="org.genericsystem.mutability.AnnotationTest" name="test005_SuperAttribute" time="0.015"/>
  <testcase classname="org.genericsystem.mutability.AnnotationTest" name="test006_AttributeOnAttribute" time="0.017"/>
  <testcase classname="org.genericsystem.mutability.AnnotationTest" name="test007_Relation" time="0.015"/>
  <testcase classname="org.genericsystem.mutability.AnnotationTest" name="test008_SubRelation" time="0.017"/>
  <testcase classname="org.genericsystem.mutability.AnnotationTest" name="test009_SymetricSuperRelation" time="0.02"/>
  <testcase classname="org.genericsystem.mutability.AnnotationTest" name="test010_TernaryRelation" time="0.02"/>
  <testcase classname="org.genericsystem.mutability.AnnotationTest" name="test011_getDirectSubGenericsWithDiamondProblem" time="0.016"/>
  <testcase classname="org.genericsystem.mutability.AnnotationTest" name="test012_Value" time="0.024"/>
  <testcase classname="org.genericsystem.mutability.AnnotationTest" name="test013_MultiInheritanceComplexStructural" time="0.02"/>
  <testcase classname="org.genericsystem.mutability.AnnotationTest" name="test014_MultiInheritanceComplexValue" time="0.029"/>
  <testcase classname="org.genericsystem.mutability.AttributesTest" name="test1Attribut" time="0.01"/>
  <testcase classname="org.genericsystem.mutability.AttributesTest" name="test1AttributWith2LevelsInheritance1AttributOnFistChild" time="0.016"/>
  <testcase classname="org.genericsystem.mutability.AttributesTest" name="test1AttributWith2LevelsInheritance1AttributOnParent" time="0.023"/>
  <testcase classname="org.genericsystem.mutability.AttributesTest" name="test1AttributWith2LevelsInheritance2ChildrenAt2ndLevel1AttributOnLevel1FirstChild" time="0.021"/>
  <testcase classname="org.genericsystem.mutability.AttributesTest" name="test1AttributWith2LevelsInheritance2ChildrenAt2ndLevel1AttributOnLevel1SecondChild" time="0.02"/>
  <testcase classname="org.genericsystem.mutability.AttributesTest" name="test1AttributWith2LevelsInheritance2ChildrenAt2ndLevel1AttributOnParent" time="0.021"/>
  <testcase classname="org.genericsystem.mutability.AttributesTest" name="test1AttributWith3LevelsInheritance1AttributFirstChild1AttributOnSecondChild" time="0.021"/>
  <testcase classname="org.genericsystem.mutability.AttributesTest" name="test1AttributWith3LevelsInheritance1AttributOnFirstChild" time="0.015"/>
  <testcase classname="org.genericsystem.mutability.AttributesTest" name="test1AttributWith3LevelsInheritance1AttributOnParent" time="0.016"/>
  <testcase classname="org.genericsystem.mutability.AttributesTest" name="test1AttributWith3LevelsInheritance1AttributOnParent1AttributOnFirstChild" time="0.019"/>
  <testcase classname="org.genericsystem.mutability.AttributesTest" name="test1AttributWith3LevelsInheritance1AttributOnParent1AttributOnSecondChild" time="0.017"/>
  <testcase classname="org.genericsystem.mutability.AttributesTest" name="test1AttributWith3LevelsInheritance1AttributOnSecondChild" time="0.015"/>
  <testcase classname="org.genericsystem.mutability.AttributesTest" name="test1AttributWith3LevelsInheritance2AttributFirstChild" time="0.022"/>
  <testcase classname="org.genericsystem.mutability.AttributesTest" name="test1AttributWith3LevelsInheritance2AttributOnParent" time="0.017"/>
  <testcase classname="org.genericsystem.mutability.AttributesTest" name="test1AttributWith3LevelsInheritance2AttributOnSecondChild" time="0.016"/>
  <testcase classname="org.genericsystem.mutability.AttributesTest" name="test1AttributWith3LevelsInheritance2ChildrenAt2ndLevel1ChildAtThirdLevel1AttributLevel1FistChild" time="0.016"/>
  <testcase classname="org.genericsystem.mutability.AttributesTest" name="test1AttributWith3LevelsInheritance2ChildrenAt2ndLevel1ChildAtThirdLevel1AttributLevel1SecondChild" time="0.017"/>
  <testcase classname="org.genericsystem.mutability.AttributesTest" name="test1AttributWith3LevelsInheritance2ChildrenAt2ndLevel1ChildAtThirdLevel1AttributLevel2Child1" time="0.015"/>
  <testcase classname="org.genericsystem.mutability.AttributesTest" name="test1AttributWith3LevelsInheritance2ChildrenAt2ndLevel1ChildAtThirdLevel1AttributOnParent" time="0.016"/>
  <testcase classname="org.genericsystem.mutability.AttributesTest" name="test2Attributs" time="0.01"/>
  <testcase classname="org.genericsystem.mutability.AttributesTest" name="test2AttributsWith2LevelsInheritance1AttributOnParentAnd1AttributOnFistChild" time="0.014"/>
  <testcase classname="org.genericsystem.mutability.AttributesTest" name="test2AttributsWith2LevelsInheritance2AttributsOnFistChild" time="0.012"/>
  <testcase classname="org.genericsystem.mutability.AttributesTest" name="test2AttributsWith2LevelsInheritance2AttributsOnParent" time="0.013"/>
  <testcase classname="org.genericsystem.mutability.AttributesTest" name="test2AttributsWith3LevelsInheritance2ChildrenAt2ndLevel1ChildAtThirdLevel2AttributsLevel1FirstChild" time="0.018"/>
  <testcase classname="org.genericsystem.mutability.AttributesTest" name="test2AttributsWith3LevelsInheritance2ChildrenAt2ndLevel1ChildAtThirdLevel2AttributsLevel1SecondChild" time="0.016"/>
  <testcase classname="org.genericsystem.mutability.AttributesTest" name="test2AttributsWith3LevelsInheritance2ChildrenAt2ndLevel1ChildAtThirdLevel2AttributsLevel2" time="0.016"/>
  <testcase classname="org.genericsystem.mutability.AttributesTest" name="test2AttributsWith3LevelsInheritance2ChildrenAt2ndLevel1ChildAtThirdLevel2AttributsOnParent" time="0.018"/>
  <testcase classname="org.genericsystem.mutability.AutomaticMetaAttributeCreationTest" name="test001_addInstance_metaAttribute" time="0.003"/>
  <testcase classname="org.genericsystem.mutability.AutomaticMetaAttributeCreationTest" name="test002_addInstance_metaAttribute" time="0.004"/>
  <testcase classname="org.genericsystem.mutability.AutomaticMetaAttributeCreationTest" name="test003_addInstance_metaAttribute_override" time="0.006"/>
  <testcase classname="org.genericsystem.mutability.AutomaticMetaAttributeCreationTest" name="test004_addInstance_metaAttribute_override" time="0.006"/>
  <testcase classname="org.genericsystem.mutability.AutomaticMetaAttributeCreationTest" name="test005_setInstance_metaAttribute_engine" time="0.002"/>
  <testcase classname="org.genericsystem.mutability.AutomaticMetaAttributeCreationTest" name="test006_setInstance_metaAttribute_attribute" time="0.005"/>
  <testcase classname="org.genericsystem.mutability.AutomaticMetaAttributeCreationTest" name="test007_setInstance_metaAttribute_override" time="0.006"/>
  <testcase classname="org.genericsystem.mutability.AutomaticMetaAttributeCreationTest" name="test008_setInstance_metaAttribute_override" time="0.007"/>
  <testcase classname="org.genericsystem.mutability.BindingServiceTest" name="test001_addInstance" time="0.004"/>
  <testcase classname="org.genericsystem.mutability.BindingServiceTest" name="test002_addSameValueKO" time="0.004"/>
  <testcase classname="org.genericsystem.mutability.CacheTest" name="test000" time="0.003"/>
  <testcase classname="org.genericsystem.mutability.CacheTest" name="test001" time="0.004"/>
  <testcase classname="org.genericsystem.mutability.CacheTest" name="test001_getInheritings" time="0.005"/>
  <testcase classname="org.genericsystem.mutability.CacheTest" name="test001_getInstances" time="0.006"/>
  <testcase classname="org.genericsystem.mutability.CacheTest" name="test001_getMetaComponents" time="0.006"/>
  <testcase classname="org.genericsystem.mutability.CacheTest" name="test001_getSuperComponents" time="0.007"/>
  <testcase classname="org.genericsystem.mutability.CacheTest" name="test002" time="0.003"/>
  <testcase classname="org.genericsystem.mutability.CacheTest" name="test0021" time="0.004"/>
  <testcase classname="org.genericsystem.mutability.CacheTest" name="test002_clear" time="0.007"/>
  <testcase classname="org.genericsystem.mutability.CacheTest" name="test002_flush" time="0.006"/>
  <testcase classname="org.genericsystem.mutability.CacheTest" name="test002_getSuperComponents" time="0.014"/>
  <testcase classname="org.genericsystem.mutability.CacheTest" name="test002_mountNewCache" time="0.005"/>
  <testcase classname="org.genericsystem.mutability.CacheTest" name="test003" time="0.005"/>
  <testcase classname="org.genericsystem.mutability.CacheTest" name="test0031" time="0.004"/>
  <testcase classname="org.genericsystem.mutability.CacheTest" name="test004" time="0.007"/>
  <testcase classname="org.genericsystem.mutability.CacheTest" name="test0041" time="0.004"/>
  <testcase classname="org.genericsystem.mutability.CacheTest" name="test005" time="0.004"/>
  <testcase classname="org.genericsystem.mutability.CacheTest" name="test005_TwoComponentsWithSameMetaInDifferentCaches_remove" time="0.006"/>
  <testcase classname="org.genericsystem.mutability.ClassFinderTest" name="test1" time="0.013"/>
  <testcase classname="org.genericsystem.mutability.ClassFinderTest" name="test10" time="0.003"/>
  <testcase classname="org.genericsystem.mutability.ClassFinderTest" name="test11" time="0.005"/>
  <testcase classname="org.genericsystem.mutability.ClassFinderTest" name="test2" time="0.013"/>
  <testcase classname="org.genericsystem.mutability.ClassFinderTest" name="test5" time="0.009"/>
  <testcase classname="org.genericsystem.mutability.ClassFinderTest" name="test6" time="0.013"/>
  <testcase classname="org.genericsystem.mutability.ClassFinderTest" name="test7" time="0.01"/>
  <testcase classname="org.genericsystem.mutability.ClassFinderTest" name="test8" time="0.011"/>
  <testcase classname="org.genericsystem.mutability.ClassFinderTest" name="test9" time="0.011"/>
  <testcase classname="org.genericsystem.mutability.GenericTest" name="testAddAttribute" time="0.01"/>
  <testcase classname="org.genericsystem.mutability.GenericTest" name="testAddAttributeWithOverride" time="0.008"/>
  <testcase classname="org.genericsystem.mutability.GenericTest" name="testAddAttributeWithOverride2" time="0.01"/>
  <testcase classname="org.genericsystem.mutability.GenericTest" name="testAddAttributeWithOverride3" time="0.012"/>
  <testcase classname="org.genericsystem.mutability.GenericTest" name="testAddInheriting" time="0.005"/>
  <testcase classname="org.genericsystem.mutability.GenericTest" name="testAddInstance" time="0.006"/>
  <testcase classname="org.genericsystem.mutability.GenericTest" name="testEngine" time="0.002"/>
  <testcase classname="org.genericsystem.mutability.GenericTest" name="testGetInstances" time="0.007"/>
  <testcase classname="org.genericsystem.mutability.GenericTest" name="testMultiInheritance" time="0.011"/>
  <testcase classname="org.genericsystem.mutability.GenericTest" name="testMultiInheritance2" time="0.011"/>
  <testcase classname="org.genericsystem.mutability.GenericTest" name="testMultiInheritance3" time="0.011"/>
  <testcase classname="org.genericsystem.mutability.GenericTest" name="testSetInstance" time="0.004"/>
  <testcase classname="org.genericsystem.mutability.HolderTest" name="test2ChainedAttributs" time="0.01"/>
  <testcase classname="org.genericsystem.mutability.HolderTest" name="testHolder1Attribut" time="0.006"/>
  <testcase classname="org.genericsystem.mutability.HolderTest" name="testHolder1AttributWith2LevelsInheritance1AttributOnFirstChild" time="0.008"/>
  <testcase classname="org.genericsystem.mutability.HolderTest" name="testHolder1AttributWith2LevelsInheritance1AttributOnParent" time="0.011"/>
  <testcase classname="org.genericsystem.mutability.HolderTest" name="testHolder1AttributWith2LevelsInheritance2children1AttributOnParent" time="0.009"/>
  <testcase classname="org.genericsystem.mutability.HolderTest" name="testHolderOverrideWithDifferentValue1AttributWith2LevelsInheritance1AttributOnParent" time="0.009"/>
  <testcase classname="org.genericsystem.mutability.HolderTest" name="testHolderOverrideWithDifferentValue1AttributWith3LevelsInheritance1AttributOnParentOverrideOnFirstChild" time="0.01"/>
  <testcase classname="org.genericsystem.mutability.HolderTest" name="testHolderOverrideWithDifferentValue1AttributWith3LevelsInheritance1AttributOnParentOverrideOnSecondChild" time="0.01"/>
  <testcase classname="org.genericsystem.mutability.HolderTest" name="testHolderOverrideWithDifferentValue2ChainedAttributWith2LevelsInheritance2AttributsOnParent" time="0.01"/>
  <testcase classname="org.genericsystem.mutability.HolderTest" name="testHolderOverrideWithDifferentValue2ChainedAttributsWith3LevelsInheritance1AttributOnParentOverrideOnFirstChild" time="0.014"/>
  <testcase classname="org.genericsystem.mutability.HolderTest" name="testHolderOverrideWithSameValue1AttributWith2LevelsInheritance1AttributOnParent" time="0.009"/>
  <testcase classname="org.genericsystem.mutability.InstanciationTest" name="test3TypeInstanciationWithMultipleInheritence" time="0.006"/>
  <testcase classname="org.genericsystem.mutability.InstanciationTest" name="test5TypeInstanciationWithMultipleInheritence" time="0.01"/>
  <testcase classname="org.genericsystem.mutability.InstanciationTest" name="test6TypeInstanciationWithMultipleInheritence" time="0.015"/>
  <testcase classname="org.genericsystem.mutability.InstanciationTest" name="testEngineInstanciation" time="0.003"/>
  <testcase classname="org.genericsystem.mutability.InstanciationTest" name="testTwoTypeInstanciationDifferentNames" time="0.007"/>
  <testcase classname="org.genericsystem.mutability.InstanciationTest" name="testTwoTypeInstanciationSameNamesAddInstance" time="0.006"/>
  <testcase classname="org.genericsystem.mutability.InstanciationTest" name="testTwoTypeInstanciationSameNamesSetInstance" time="0.004"/>
  <testcase classname="org.genericsystem.mutability.InstanciationTest" name="testTwoTypeInstanciationWithInheritance" time="0"/>
  <testcase classname="org.genericsystem.mutability.InstanciationTest" name="testTypeInstanciation" time="0.004"/>
  <testcase classname="org.genericsystem.mutability.InstanciationTest" name="testTypeInstanciationWithSelfInheritance" time="0.007"/>
  <testcase classname="org.genericsystem.mutability.IteratorAndRemoveTest" name="test002_IterateAndRemove" time="0.009"/>
  <testcase classname="org.genericsystem.mutability.IteratorAndRemoveTest" name="test004_IterateAndRemoveInLoop_beforeFindIt" time="0.008"/>
  <testcase classname="org.genericsystem.mutability.IteratorAndRemoveTest" name="test005_IterateAndRemoveInLoop_beforeFindIt" time="0.008"/>
  <testcase classname="org.genericsystem.mutability.IteratorAndRemoveTest" name="test006_IterateAndRemoveInLoop_attributes" time="0.006"/>
  <testcase classname="org.genericsystem.mutability.IteratorAndRemoveTest" name="test007_IterateAndRemoveInLoop_attributes" time="0.006"/>
  <testcase classname="org.genericsystem.mutability.MultiInheritanceTest" name="multiInheritance" time="0.012"/>
  <testcase classname="org.genericsystem.mutability.MultiInheritanceTest" name="multiInheritanceWithDiamond" time="0.017"/>
  <testcase classname="org.genericsystem.mutability.MutabilityTest" name="test001" time="0.001"/>
  <testcase classname="org.genericsystem.mutability.MutabilityTest" name="test002" time="0.005"/>
  <testcase classname="org.genericsystem.mutability.MutabilityTest" name="test003" time="0.005"/>
  <testcase classname="org.genericsystem.mutability.MutabilityTest" name="test004" time="0.006"/>
  <testcase classname="org.genericsystem.mutability.NotRemovableTest" name="test001_aliveEx" time="0.006"/>
  <testcase classname="org.genericsystem.mutability.NotRemovableTest" name="test002_referenceEx" time="0.004"/>
  <testcase classname="org.genericsystem.mutability.NotRemovableTest" name="test003_referenceEx" time="0.005"/>
  <testcase classname="org.genericsystem.mutability.ReferentialIntegrityConstraintTest" name="test001_enableReferentialIntegrity_remove" time="0.008"/>
  <testcase classname="org.genericsystem.mutability.ReferentialIntegrityConstraintTest" name="test002_enableReferentialIntegrity_remove" time="0.005"/>
  <testcase classname="org.genericsystem.mutability.ReferentialIntegrityConstraintTest" name="test004_enableReferentialIntegrity_remove" time="0.008"/>
  <testcase classname="org.genericsystem.mutability.ReferentialIntegrityConstraintTest" name="test005_enableReferentialIntegrity_remove" time="0.009"/>
  <testcase classname="org.genericsystem.mutability.ReferentialIntegrityConstraintTest" name="test005_enableReferentialIntegrity_remove2" time="0.01"/>
  <testcase classname="org.genericsystem.mutability.ReferentialIntegrityConstraintTest" name="test005_enableReferentialIntegrity_remove3" time="0.01"/>
  <testcase classname="org.genericsystem.mutability.ReferentialIntegrityConstraintTest" name="test006_enableReferentialIntegrity_remove" time="0.008"/>
  <testcase classname="org.genericsystem.mutability.ReferentialIntegrityConstraintTest" name="test007_enableReferentialIntegrity_remove" time="0.006"/>
  <testcase classname="org.genericsystem.mutability.ReferentialIntegrityConstraintTest" name="test008_enableReferentialIntegrity_remove" time="0.009"/>
  <testcase classname="org.genericsystem.mutability.RelationTest" name="test001_addInstance_NotAliveException" time="0.007"/>
  <testcase classname="org.genericsystem.mutability.RelationTest" name="test001_addInstance_NotAliveException_withMetaRelation" time="0.008"/>
  <testcase classname="org.genericsystem.mutability.RelationTest" name="test002_addInstance_2composites" time="0.006"/>
  <testcase classname="org.genericsystem.mutability.RelationTest" name="test002_addInstance_2composites_MetaRelation" time="0.008"/>
  <testcase classname="org.genericsystem.mutability.RelationTest" name="test003_addInstance_reflexiveRelation" time="0.006"/>
  <testcase classname="org.genericsystem.mutability.RelationTest" name="test003_addInstance_reflexiveRelation_MetaRelation" time="0.006"/>
  <testcase classname="org.genericsystem.mutability.RelationTest" name="test004_addInheritsRelation" time="0.008"/>
  <testcase classname="org.genericsystem.mutability.RelationTest" name="test005_addInheritsRelations_OnSameStructural" time="0.006"/>
  <testcase classname="org.genericsystem.mutability.RelationTest" name="test006_inherits_different_than_instance" time="0.01"/>
  <testcase classname="org.genericsystem.mutability.RelationTest" name="test007_addInstance_ofSubRelation" time="0.012"/>
  <testcase classname="org.genericsystem.mutability.RelationTest" name="test008" time="0.013"/>
  <testcase classname="org.genericsystem.mutability.RelationTest" name="test009" time="0.015"/>
  <testcase classname="org.genericsystem.mutability.RelationTest" name="test010" time="0.016"/>
  <testcase classname="org.genericsystem.mutability.RemoveOneCacheTest" name="test001_simpleHolder" time="0.007"/>
  <testcase classname="org.genericsystem.mutability.RemoveOneCacheTest" name="test002_multipleHolders" time="0.009"/>
  <testcase classname="org.genericsystem.mutability.RemoveOneCacheTest" name="test002_simpleHolder" time="0.007"/>
  <testcase classname="org.genericsystem.mutability.RemoveOneCacheTest" name="test003_multipleHolders" time="0.01"/>
  <testcase classname="org.genericsystem.mutability.RemoveOneCacheTest" name="test003_removeAndAdd" time="0.008"/>
  <testcase classname="org.genericsystem.mutability.RemoveOneCacheTest" name="test004_removeAndAddAndRemove" time="0.01"/>
  <testcase classname="org.genericsystem.mutability.RemoveOneCacheTest" name="test005_removeAndAddAndRemove" time="0.006"/>
  <testcase classname="org.genericsystem.mutability.RemoveOneCacheTest" name="test005_removeConcret_withHolder" time="0.006"/>
  <testcase classname="org.genericsystem.mutability.RemoveOneCacheTest" name="test006_removeStructural_withHolder" time="0.007"/>
  <testcase classname="org.genericsystem.mutability.RemoveTest" name="test001_simpleHolder" time="0.001"/>
  <testcase classname="org.genericsystem.mutability.RemoveTest" name="test002_multipleHolders" time="0.009"/>
  <testcase classname="org.genericsystem.mutability.RemoveTest" name="test003_removeAndAdd" time="0.009"/>
  <testcase classname="org.genericsystem.mutability.RemoveTest" name="test004_removeAndAddAndRemove" time="0.008"/>
  <testcase classname="org.genericsystem.mutability.RemoveTest" name="test005_removeConcret_withHolder" time="0.006"/>
  <testcase classname="org.genericsystem.mutability.RemoveTest" name="test006_removeStructural_withHolder" time="0.007"/>
  <testcase classname="org.genericsystem.mutability.RemoveTest" name="test007_removeConcretAndAttribut" time="0.01"/>
  <testcase classname="org.genericsystem.mutability.RemoveTest" name="test008_removeInstanceAndAttribute" time="0.007"/>
  <testcase classname="org.genericsystem.mutability.RemoveTest" name="test009_removeConcret" time="0.005"/>
  <testcase classname="org.genericsystem.mutability.RequiredConstraintTest" name="test000_Inheritance" time="0.007"/>
  <testcase classname="org.genericsystem.mutability.RequiredConstraintTest" name="test001_Inheritance" time="0.008"/>
  <testcase classname="org.genericsystem.mutability.RequiredConstraintTest" name="test001_enableRequired" time="0.013"/>
  <testcase classname="org.genericsystem.mutability.RequiredConstraintTest" name="test00_Inheritance" time="0.006"/>
  <testcase classname="org.genericsystem.mutability.RequiredConstraintTest" name="test01_Inheritance" time="0.007"/>
  <testcase classname="org.genericsystem.mutability.SystemPropertiesTest" name="test001_enableConstraint" time="0.018"/>
  <testcase classname="org.genericsystem.mutability.SystemPropertiesTest" name="test002_inheritedConstraint" time="0.028"/>
  <testcase classname="org.genericsystem.mutability.SystemPropertiesTest" name="test003_inheritedModifiedConstraint" time="0.017"/>
  <testcase classname="org.genericsystem.mutability.TreeTest" name="test001" time="0.002"/>
  <testcase classname="org.genericsystem.mutability.TreeTest" name="test002" time="0.004"/>
  <testcase classname="org.genericsystem.mutability.TreeTest" name="test003" time="0.003"/>
  <testcase classname="org.genericsystem.mutability.TreeTest" name="test004" time="0.005"/>
  <testcase classname="org.genericsystem.mutability.TreeTest" name="test005" time="0.005"/>
  <testcase classname="org.genericsystem.mutability.TreeTest" name="test006" time="0.003"/>
  <testcase classname="org.genericsystem.mutability.TreeTest" name="test007" time="0.014"/>
  <testcase classname="org.genericsystem.mutability.TreeTest" name="test008" time="0.014"/>
  <testcase classname="org.genericsystem.mutability.TreeTest" name="testTraverseTree" time="0.012"/>
  <testcase classname="org.genericsystem.mutability.TreeTest" name="testTree1" time="0.006"/>
  <testcase classname="org.genericsystem.mutability.TreeTest" name="testTree2" time="0.005"/>
  <testcase classname="org.genericsystem.mutability.TreeTest" name="testTree3" time="0.007"/>
  <testcase classname="org.genericsystem.mutability.UpdatableServiceTest" name="test001_setValue_Type" time="0.003"/>
  <testcase classname="org.genericsystem.mutability.UpdatableServiceTest" name="test003_setValue_InstanceOfType" time="0.002"/>
  <testcase classname="org.genericsystem.mutability.UpdatableServiceTest" name="test004_setValue_noCollateralDommage" time="0.005"/>
  <testcase classname="org.genericsystem.mutability.UpdatableServiceTest" name="test007_setValue_Type" time="0.004"/>
  <testcase classname="org.genericsystem.mutability.UpdatableServiceTest" name="test020_setValue_Inheritance" time="0.004"/>
  <testcase classname="org.genericsystem.mutability.UpdatableServiceTest" name="test040_setValue_Composite" time="0.005"/>
  <testcase classname="org.genericsystem.mutability.UpdatableServiceTest" name="test060_setValue_Type_Inheritance_Composite" time="0.007"/>
  <testcase classname="org.genericsystem.mutability.UpdatableServiceTest" name="test100_addSuper_Type" time="0.004"/>
  <testcase classname="org.genericsystem.mutability.UpdatableServiceTest" name="test101_addSuper_TypeBetweenTwoTypes" time="0.005"/>
  <testcase classname="org.genericsystem.mutability.UpdatableServiceTest" name="test102_addSuper_AlreadySuper" time="0.004"/>
  <testcase classname="org.genericsystem.mutability.UpdatableServiceTest" name="test103_addSuper_NoRegressionOnDataModel" time="0.015"/>
  <testcase classname="org.genericsystem.mutability.UpdatableServiceTest" name="test200_replaceComposite" time="0.01"/>
  <testcase classname="org.genericsystem.mutability.UpdatableServiceTest" name="test201_replaceComposite_KO" time="0.01"/>
  <testcase classname="org.genericsystem.mutability.UpdatableServiceTest" name="test300_replaceCompositeWithValueModification" time="0.007"/>
  <testcase classname="org.genericsystem.mutability.UpdatableServiceTest" name="test301_replaceCompositeWithValueModification" time="0.007"/>
  <testcase classname="org.genericsystem.mutability.UpdateTest" name="test001_dependencies" time="0.007"/>
  <testcase classname="org.genericsystem.mutability.UpdateTest" name="test001_fusion" time="0.004"/>
  <testcase classname="org.genericsystem.mutability.UpdateTest" name="test001_pickNewTs" time="0.006"/>
  <testcase classname="org.genericsystem.mutability.UpdateTest" name="test001_removeAndAdd" time="0.003"/>
  <testcase classname="org.genericsystem.mutability.UpdateTest" name="test001_updateValue" time="0.002"/>
  <testcase classname="org.genericsystem.mutability.UpdateTest" name="test002_clear" time="0.004"/>
  <testcase classname="org.genericsystem.mutability.UpdateTest" name="test002_update" time="0.005"/>
  <testcase classname="org.genericsystem.mutability.UpdateTest" name="test003_update" time="0.003"/>
  <testcase classname="org.genericsystem.mutability.UpdateWithCacheTest" name="test004_updateHolder" time="0.004"/>
  <testcase classname="org.genericsystem.mutability.UpdateWithCacheTest" name="test005_updateSuper" time="0.005"/>
  <testcase classname="org.genericsystem.mutability.UpdateWithCacheTest" name="test006_attributeToRelation" time="0.01"/>
  <testcase classname="org.genericsystem.mutability.UpdateWithCacheTest" name="test007_simulateRollback" time="0.005"/>
  <testcase classname="org.genericsystem.mutability.UpdateWithCacheTest" name="test007_structurel_WithInheritings_AndInstances" time="0.012"/>
  <testcase classname="org.genericsystem.mutability.VertexTest" name="test001_getInheritings" time="0.005"/>
  <testcase classname="org.genericsystem.mutability.VertexTest" name="test001_getInstances" time="0.005"/>
  <testcase classname="org.genericsystem.mutability.VertexTest" name="test001_getMetaComponents" time="0.005"/>
  <testcase classname="org.genericsystem.mutability.VertexTest" name="test001_getSuperComponents" time="0.005"/>
  <testcase classname="org.genericsystem.mutability.VertexTest" name="test002_getSuperComponents" time="0.008"/>
  <testcase classname="org.genericsystem.mutability.VertexTest" name="test10" time="0.004"/>
  <testcase classname="org.genericsystem.mutability.VertexTest" name="test11" time="0.003"/>
  <testcase classname="org.genericsystem.mutability.VertexTest" name="test3" time="0.008"/>
  <testcase classname="org.genericsystem.mutability.VertexTest" name="test4" time="0.007"/>
  <testcase classname="org.genericsystem.mutability.VertexTest" name="test5" time="0.007"/>
  <testcase classname="org.genericsystem.mutability.VertexTest" name="test6" time="0.009"/>
  <testcase classname="org.genericsystem.mutability.VertexTest" name="test7" time="0.009"/>
  <testcase classname="org.genericsystem.mutability.VertexTest" name="test8" time="0.009"/>
  <testcase classname="org.genericsystem.mutability.VertexTest" name="test9" time="0.01"/>
  <testcase classname="org.genericsystem.mutability.WeakEquivTest" name="test004_weakEquiv_Relation_SingularConstraintAndReferencialIntegrity_supers" time="0.012"/>
  <testcase classname="org.genericsystem.mutability.WeakEquivTest" name="test005_weakEquiv_Relation_SingularConstraintAndReferencialIntegrity_setInstance" time="0.017"/>
</testsuite>