<?xml version="1.0" encoding="UTF-8"?>
<!-- Generated by org.testng.reporters.JUnitReportReporter -->
<testsuite hostname="middleware-XPS-8300" name="org.genericsystem.mutability.SystemPropertiesTest" tests="3" failures="0" timestamp="4 Mar 2015 09:41:51 GMT" time="0.067" errors="0">
  <testcase name="test002_inheritedConstraint" time="0.031" classname="org.genericsystem.mutability.SystemPropertiesTest"/>
  <testcase name="test003_inheritedModifiedConstraint" time="0.016" classname="org.genericsystem.mutability.SystemPropertiesTest"/>
  <testcase name="test001_enableConstraint" time="0.020" classname="org.genericsystem.mutability.SystemPropertiesTest"/>
</testsuite> <!-- org.genericsystem.mutability.SystemPropertiesTest -->
