<?xml version="1.0" encoding="UTF-8"?>
<!-- Generated by org.testng.reporters.JUnitReportReporter -->
<testsuite hostname="middleware-XPS-8300" name="org.genericsystem.mutability.AncestorsServiceTest" tests="4" failures="0" timestamp="4 Mar 2015 09:41:51 GMT" time="0.049" errors="0">
  <testcase name="isAncestorOfByInheritence" time="0.015" classname="org.genericsystem.mutability.AncestorsServiceTest"/>
  <testcase name="isAncestorOfViaComposite" time="0.012" classname="org.genericsystem.mutability.AncestorsServiceTest"/>
  <testcase name="isAncestorOfByInheritenceSimpleConfiguration" time="0.008" classname="org.genericsystem.mutability.AncestorsServiceTest"/>
  <testcase name="isAncestorOfViaComponent" time="0.014" classname="org.genericsystem.mutability.AncestorsServiceTest"/>
</testsuite> <!-- org.genericsystem.mutability.AncestorsServiceTest -->
