<?xml version="1.0" encoding="UTF-8"?>
<!-- Generated by org.testng.reporters.JUnitReportReporter -->
<testsuite hostname="middleware-G551JM" name="org.genericsystem.mutability.CacheTest" tests="18" failures="0" timestamp="28 Feb 2015 09:35:56 GMT" time="0.092" errors="0">
  <testcase name="test001_getMetaComponents" time="0.006" classname="org.genericsystem.mutability.CacheTest"/>
  <testcase name="test001" time="0.003" classname="org.genericsystem.mutability.CacheTest"/>
  <testcase name="test003" time="0.003" classname="org.genericsystem.mutability.CacheTest"/>
  <testcase name="test002_mountNewCache" time="0.003" classname="org.genericsystem.mutability.CacheTest"/>
  <testcase name="test002_flush" time="0.004" classname="org.genericsystem.mutability.CacheTest"/>
  <testcase name="test0021" time="0.003" classname="org.genericsystem.mutability.CacheTest"/>
  <testcase name="test002_getSuperComponents" time="0.011" classname="org.genericsystem.mutability.CacheTest"/>
  <testcase name="test001_getInstances" time="0.007" classname="org.genericsystem.mutability.CacheTest"/>
  <testcase name="test004" time="0.003" classname="org.genericsystem.mutability.CacheTest"/>
  <testcase name="test002_clear" time="0.005" classname="org.genericsystem.mutability.CacheTest"/>
  <testcase name="test002" time="0.003" classname="org.genericsystem.mutability.CacheTest"/>
  <testcase name="test0031" time="0.003" classname="org.genericsystem.mutability.CacheTest"/>
  <testcase name="test000" time="0.004" classname="org.genericsystem.mutability.CacheTest"/>
  <testcase name="test001_getSuperComponents" time="0.007" classname="org.genericsystem.mutability.CacheTest"/>
  <testcase name="test001_getInheritings" time="0.017" classname="org.genericsystem.mutability.CacheTest"/>
  <testcase name="test0041" time="0.003" classname="org.genericsystem.mutability.CacheTest"/>
  <testcase name="test005_TwoComponentsWithSameMetaInDifferentCaches_remove" time="0.004" classname="org.genericsystem.mutability.CacheTest"/>
  <testcase name="test005" time="0.003" classname="org.genericsystem.mutability.CacheTest"/>
</testsuite> <!-- org.genericsystem.mutability.CacheTest -->
