<?xml version="1.0" encoding="UTF-8"?>
<!-- Generated by org.testng.reporters.JUnitReportReporter -->
<testsuite hostname="middleware-G551JM" name="org.genericsystem.mutability.RemoveTest" tests="9" failures="0" timestamp="28 Feb 2015 09:35:56 GMT" time="0.413" errors="0">
  <testcase name="test003_removeAndAdd" time="0.036" classname="org.genericsystem.mutability.RemoveTest"/>
  <testcase name="test006_removeStructural_withHolder" time="0.020" classname="org.genericsystem.mutability.RemoveTest"/>
  <testcase name="test002_multipleHolders" time="0.096" classname="org.genericsystem.mutability.RemoveTest"/>
  <testcase name="test007_removeConcretAndAttribut" time="0.020" classname="org.genericsystem.mutability.RemoveTest"/>
  <testcase name="test001_simpleHolder" time="0.164" classname="org.genericsystem.mutability.RemoveTest"/>
  <testcase name="test009_removeConcret" time="0.016" classname="org.genericsystem.mutability.RemoveTest"/>
  <testcase name="test005_removeConcret_withHolder" time="0.024" classname="org.genericsystem.mutability.RemoveTest"/>
  <testcase name="test004_removeAndAddAndRemove" time="0.022" classname="org.genericsystem.mutability.RemoveTest"/>
  <testcase name="test008_removeInstanceAndAttribute" time="0.015" classname="org.genericsystem.mutability.RemoveTest"/>
</testsuite> <!-- org.genericsystem.mutability.RemoveTest -->
