<?xml version="1.0" encoding="UTF-8"?>
<!-- Generated by org.testng.reporters.JUnitReportReporter -->
<testsuite hostname="middleware-G551JM" name="org.genericsystem.mutability.UpdateWithCacheTest" tests="5" failures="0" timestamp="28 Feb 2015 09:35:56 GMT" time="0.097" errors="0">
  <testcase name="test004_updateHolder" time="0.019" classname="org.genericsystem.mutability.UpdateWithCacheTest"/>
  <testcase name="test007_simulateRollback" time="0.010" classname="org.genericsystem.mutability.UpdateWithCacheTest"/>
  <testcase name="test006_attributeToRelation" time="0.039" classname="org.genericsystem.mutability.UpdateWithCacheTest"/>
  <testcase name="test005_updateSuper" time="0.010" classname="org.genericsystem.mutability.UpdateWithCacheTest"/>
  <testcase name="test007_structurel_WithInheritings_AndInstances" time="0.019" classname="org.genericsystem.mutability.UpdateWithCacheTest"/>
</testsuite> <!-- org.genericsystem.mutability.UpdateWithCacheTest -->
