<?xml version="1.0" encoding="UTF-8"?>
<!-- Generated by org.testng.reporters.JUnitReportReporter -->
<testsuite hostname="middleware-G551JM" name="org.genericsystem.mutability.UpdatableServiceTest" tests="15" failures="0" timestamp="28 Feb 2015 09:35:56 GMT" time="0.084" errors="0">
  <testcase name="test060_setValue_Type_Inheritance_Composite" time="0.005" classname="org.genericsystem.mutability.UpdatableServiceTest"/>
  <testcase name="test001_setValue_Type" time="0.004" classname="org.genericsystem.mutability.UpdatableServiceTest"/>
  <testcase name="test020_setValue_Inheritance" time="0.004" classname="org.genericsystem.mutability.UpdatableServiceTest"/>
  <testcase name="test201_replaceComposite_KO" time="0.008" classname="org.genericsystem.mutability.UpdatableServiceTest"/>
  <testcase name="test300_replaceCompositeWithValueModification" time="0.007" classname="org.genericsystem.mutability.UpdatableServiceTest"/>
  <testcase name="test103_addSuper_NoRegressionOnDataModel" time="0.013" classname="org.genericsystem.mutability.UpdatableServiceTest"/>
  <testcase name="test040_setValue_Composite" time="0.004" classname="org.genericsystem.mutability.UpdatableServiceTest"/>
  <testcase name="test301_replaceCompositeWithValueModification" time="0.007" classname="org.genericsystem.mutability.UpdatableServiceTest"/>
  <testcase name="test007_setValue_Type" time="0.003" classname="org.genericsystem.mutability.UpdatableServiceTest"/>
  <testcase name="test100_addSuper_Type" time="0.003" classname="org.genericsystem.mutability.UpdatableServiceTest"/>
  <testcase name="test102_addSuper_AlreadySuper" time="0.004" classname="org.genericsystem.mutability.UpdatableServiceTest"/>
  <testcase name="test200_replaceComposite" time="0.009" classname="org.genericsystem.mutability.UpdatableServiceTest"/>
  <testcase name="test101_addSuper_TypeBetweenTwoTypes" time="0.005" classname="org.genericsystem.mutability.UpdatableServiceTest"/>
  <testcase name="test003_setValue_InstanceOfType" time="0.004" classname="org.genericsystem.mutability.UpdatableServiceTest"/>
  <testcase name="test004_setValue_noCollateralDommage" time="0.004" classname="org.genericsystem.mutability.UpdatableServiceTest"/>
</testsuite> <!-- org.genericsystem.mutability.UpdatableServiceTest -->
