<?xml version="1.0" encoding="UTF-8"?>
<!-- Generated by org.testng.reporters.JUnitReportReporter -->
<testsuite hostname="middleware-XPS-8300" name="org.genericsystem.mutability.UpdateTest" tests="8" failures="0" timestamp="4 Mar 2015 09:41:51 GMT" time="0.065" errors="0">
  <testcase name="test001_removeAndAdd" time="0.006" classname="org.genericsystem.mutability.UpdateTest"/>
  <testcase name="test002_update" time="0.018" classname="org.genericsystem.mutability.UpdateTest"/>
  <testcase name="test001_fusion" time="0.008" classname="org.genericsystem.mutability.UpdateTest"/>
  <testcase name="test002_clear" time="0.005" classname="org.genericsystem.mutability.UpdateTest"/>
  <testcase name="test001_pickNewTs" time="0.009" classname="org.genericsystem.mutability.UpdateTest"/>
  <testcase name="test001_updateValue" time="0.004" classname="org.genericsystem.mutability.UpdateTest"/>
  <testcase name="test003_update" time="0.004" classname="org.genericsystem.mutability.UpdateTest"/>
  <testcase name="test001_dependencies" time="0.011" classname="org.genericsystem.mutability.UpdateTest"/>
</testsuite> <!-- org.genericsystem.mutability.UpdateTest -->
