<?xml version="1.0" encoding="UTF-8"?>
<!-- Generated by org.testng.reporters.JUnitReportReporter -->
<testsuite hostname="middleware-G551JM" name="org.genericsystem.mutability.SystemPropertiesTest" tests="3" failures="0" timestamp="28 Feb 2015 09:35:56 GMT" time="0.055" errors="0">
  <testcase name="test002_inheritedConstraint" time="0.024" classname="org.genericsystem.mutability.SystemPropertiesTest"/>
  <testcase name="test003_inheritedModifiedConstraint" time="0.015" classname="org.genericsystem.mutability.SystemPropertiesTest"/>
  <testcase name="test001_enableConstraint" time="0.016" classname="org.genericsystem.mutability.SystemPropertiesTest"/>
</testsuite> <!-- org.genericsystem.mutability.SystemPropertiesTest -->
