<?xml version="1.0" encoding="UTF-8"?>
<!-- Generated by org.testng.reporters.JUnitReportReporter -->
<testsuite hostname="middleware-XPS-8300" name="org.genericsystem.mutability.GenericTest" tests="12" failures="0" timestamp="4 Mar 2015 09:41:51 GMT" time="0.117" errors="0">
  <testcase name="testMultiInheritance3" time="0.012" classname="org.genericsystem.mutability.GenericTest"/>
  <testcase name="testSetInstance" time="0.006" classname="org.genericsystem.mutability.GenericTest"/>
  <testcase name="testAddAttributeWithOverride" time="0.010" classname="org.genericsystem.mutability.GenericTest"/>
  <testcase name="testAddAttributeWithOverride2" time="0.014" classname="org.genericsystem.mutability.GenericTest"/>
  <testcase name="testGetInstances" time="0.011" classname="org.genericsystem.mutability.GenericTest"/>
  <testcase name="testAddInheriting" time="0.005" classname="org.genericsystem.mutability.GenericTest"/>
  <testcase name="testAddAttribute" time="0.011" classname="org.genericsystem.mutability.GenericTest"/>
  <testcase name="testMultiInheritance2" time="0.012" classname="org.genericsystem.mutability.GenericTest"/>
  <testcase name="testAddAttributeWithOverride3" time="0.013" classname="org.genericsystem.mutability.GenericTest"/>
  <testcase name="testMultiInheritance" time="0.014" classname="org.genericsystem.mutability.GenericTest"/>
  <testcase name="testAddInstance" time="0.007" classname="org.genericsystem.mutability.GenericTest"/>
  <testcase name="testEngine" time="0.002" classname="org.genericsystem.mutability.GenericTest"/>
</testsuite> <!-- org.genericsystem.mutability.GenericTest -->
