<?xml version="1.0" encoding="UTF-8"?>
<!-- Generated by org.testng.reporters.JUnitReportReporter -->
<testsuite hostname="middleware-XPS-8300" name="org.genericsystem.mutability.RemoveOneCacheTest" tests="9" failures="0" timestamp="4 Mar 2015 09:41:51 GMT" time="0.081" errors="0">
  <testcase name="test006_removeStructural_withHolder" time="0.007" classname="org.genericsystem.mutability.RemoveOneCacheTest"/>
  <testcase name="test002_simpleHolder" time="0.009" classname="org.genericsystem.mutability.RemoveOneCacheTest"/>
  <testcase name="test001_simpleHolder" time="0.009" classname="org.genericsystem.mutability.RemoveOneCacheTest"/>
  <testcase name="test004_removeAndAddAndRemove" time="0.010" classname="org.genericsystem.mutability.RemoveOneCacheTest"/>
  <testcase name="test003_removeAndAdd" time="0.010" classname="org.genericsystem.mutability.RemoveOneCacheTest"/>
  <testcase name="test005_removeConcret_withHolder" time="0.007" classname="org.genericsystem.mutability.RemoveOneCacheTest"/>
  <testcase name="test003_multipleHolders" time="0.010" classname="org.genericsystem.mutability.RemoveOneCacheTest"/>
  <testcase name="test002_multipleHolders" time="0.010" classname="org.genericsystem.mutability.RemoveOneCacheTest"/>
  <testcase name="test005_removeAndAddAndRemove" time="0.009" classname="org.genericsystem.mutability.RemoveOneCacheTest"/>
</testsuite> <!-- org.genericsystem.mutability.RemoveOneCacheTest -->
