<?xml version="1.0" encoding="UTF-8"?>
<!-- Generated by org.testng.reporters.JUnitReportReporter -->
<testsuite hostname="middleware-G551JM" name="org.genericsystem.mutability.RequiredConstraintTest" tests="5" failures="0" timestamp="28 Feb 2015 09:35:56 GMT" time="0.095" errors="0">
  <testcase name="test001_enableRequired" time="0.029" classname="org.genericsystem.mutability.RequiredConstraintTest"/>
  <testcase name="test000_Inheritance" time="0.022" classname="org.genericsystem.mutability.RequiredConstraintTest"/>
  <testcase name="test001_Inheritance" time="0.025" classname="org.genericsystem.mutability.RequiredConstraintTest"/>
  <testcase name="test00_Inheritance" time="0.011" classname="org.genericsystem.mutability.RequiredConstraintTest"/>
  <testcase name="test01_Inheritance" time="0.008" classname="org.genericsystem.mutability.RequiredConstraintTest"/>
</testsuite> <!-- org.genericsystem.mutability.RequiredConstraintTest -->
