<?xml version="1.0" encoding="UTF-8"?>
<!-- Generated by org.testng.reporters.JUnitReportReporter -->
<testsuite hostname="middleware-G551JM" name="org.genericsystem.mutability.InstanciationTest" tests="10" failures="0" timestamp="28 Feb 2015 09:35:56 GMT" time="0.094" errors="0">
  <testcase name="testTypeInstanciationWithSelfInheritance" time="0.012" classname="org.genericsystem.mutability.InstanciationTest"/>
  <testcase name="testTypeInstanciation" time="0.006" classname="org.genericsystem.mutability.InstanciationTest"/>
  <testcase name="testEngineInstanciation" time="0.005" classname="org.genericsystem.mutability.InstanciationTest"/>
  <testcase name="test6TypeInstanciationWithMultipleInheritence" time="0.016" classname="org.genericsystem.mutability.InstanciationTest"/>
  <testcase name="testTwoTypeInstanciationDifferentNames" time="0.006" classname="org.genericsystem.mutability.InstanciationTest"/>
  <testcase name="test5TypeInstanciationWithMultipleInheritence" time="0.012" classname="org.genericsystem.mutability.InstanciationTest"/>
  <testcase name="testTwoTypeInstanciationSameNamesAddInstance" time="0.008" classname="org.genericsystem.mutability.InstanciationTest"/>
  <testcase name="testTwoTypeInstanciationSameNamesSetInstance" time="0.007" classname="org.genericsystem.mutability.InstanciationTest"/>
  <testcase name="test3TypeInstanciationWithMultipleInheritence" time="0.008" classname="org.genericsystem.mutability.InstanciationTest"/>
  <testcase name="testTwoTypeInstanciationWithInheritance" time="0.014" classname="org.genericsystem.mutability.InstanciationTest"/>
</testsuite> <!-- org.genericsystem.mutability.InstanciationTest -->
