<?xml version="1.0" encoding="UTF-8"?>
<!-- Generated by org.testng.reporters.JUnitReportReporter -->
<testsuite hostname="middleware-XPS-8300" name="org.genericsystem.mutability.MultiInheritanceTest" tests="2" failures="0" timestamp="4 Mar 2015 09:41:51 GMT" time="0.029" errors="0">
  <testcase name="multiInheritanceWithDiamond" time="0.016" classname="org.genericsystem.mutability.MultiInheritanceTest"/>
  <testcase name="multiInheritance" time="0.013" classname="org.genericsystem.mutability.MultiInheritanceTest"/>
</testsuite> <!-- org.genericsystem.mutability.MultiInheritanceTest -->
