<?xml version="1.0" encoding="UTF-8"?>
<!-- Generated by org.testng.reporters.JUnitReportReporter -->
<testsuite hostname="middleware-XPS-8300" name="org.genericsystem.mutability.RelationTest" tests="13" failures="0" timestamp="4 Mar 2015 09:41:51 GMT" time="0.120" errors="0">
  <testcase name="test009" time="0.015" classname="org.genericsystem.mutability.RelationTest"/>
  <testcase name="test002_addInstance_2composites" time="0.007" classname="org.genericsystem.mutability.RelationTest"/>
  <testcase name="test002_addInstance_2composites_MetaRelation" time="0.008" classname="org.genericsystem.mutability.RelationTest"/>
  <testcase name="test007_addInstance_ofSubRelation" time="0.010" classname="org.genericsystem.mutability.RelationTest"/>
  <testcase name="test006_inherits_different_than_instance" time="0.010" classname="org.genericsystem.mutability.RelationTest"/>
  <testcase name="test003_addInstance_reflexiveRelation_MetaRelation" time="0.006" classname="org.genericsystem.mutability.RelationTest"/>
  <testcase name="test001_addInstance_NotAliveException_withMetaRelation" time="0.007" classname="org.genericsystem.mutability.RelationTest"/>
  <testcase name="test008" time="0.013" classname="org.genericsystem.mutability.RelationTest"/>
  <testcase name="test004_addInheritsRelation" time="0.009" classname="org.genericsystem.mutability.RelationTest"/>
  <testcase name="test001_addInstance_NotAliveException" time="0.007" classname="org.genericsystem.mutability.RelationTest"/>
  <testcase name="test010" time="0.016" classname="org.genericsystem.mutability.RelationTest"/>
  <testcase name="test003_addInstance_reflexiveRelation" time="0.006" classname="org.genericsystem.mutability.RelationTest"/>
  <testcase name="test005_addInheritsRelations_OnSameStructural" time="0.006" classname="org.genericsystem.mutability.RelationTest"/>
</testsuite> <!-- org.genericsystem.mutability.RelationTest -->
