<?xml version="1.0" encoding="UTF-8"?>
<!-- Generated by org.testng.reporters.JUnitReportReporter -->
<testsuite hostname="middleware-XPS-8300" name="org.genericsystem.mutability.AutomaticMetaAttributeCreationTest" tests="8" failures="0" timestamp="4 Mar 2015 09:41:51 GMT" time="0.039" errors="0">
  <testcase name="test002_addInstance_metaAttribute" time="0.005" classname="org.genericsystem.mutability.AutomaticMetaAttributeCreationTest"/>
  <testcase name="test004_addInstance_metaAttribute_override" time="0.006" classname="org.genericsystem.mutability.AutomaticMetaAttributeCreationTest"/>
  <testcase name="test008_setInstance_metaAttribute_override" time="0.006" classname="org.genericsystem.mutability.AutomaticMetaAttributeCreationTest"/>
  <testcase name="test007_setInstance_metaAttribute_override" time="0.005" classname="org.genericsystem.mutability.AutomaticMetaAttributeCreationTest"/>
  <testcase name="test003_addInstance_metaAttribute_override" time="0.006" classname="org.genericsystem.mutability.AutomaticMetaAttributeCreationTest"/>
  <testcase name="test006_setInstance_metaAttribute_attribute" time="0.005" classname="org.genericsystem.mutability.AutomaticMetaAttributeCreationTest"/>
  <testcase name="test001_addInstance_metaAttribute" time="0.003" classname="org.genericsystem.mutability.AutomaticMetaAttributeCreationTest"/>
  <testcase name="test005_setInstance_metaAttribute_engine" time="0.003" classname="org.genericsystem.mutability.AutomaticMetaAttributeCreationTest"/>
</testsuite> <!-- org.genericsystem.mutability.AutomaticMetaAttributeCreationTest -->
