<?xml version="1.0" encoding="UTF-8"?>
<!-- Generated by org.testng.reporters.JUnitReportReporter -->
<testsuite hostname="middleware-G551JM" name="org.genericsystem.mutability.AutomaticMetaAttributeCreationTest" tests="8" failures="0" timestamp="28 Feb 2015 09:35:56 GMT" time="0.169" errors="0">
  <testcase name="test002_addInstance_metaAttribute" time="0.012" classname="org.genericsystem.mutability.AutomaticMetaAttributeCreationTest"/>
  <testcase name="test004_addInstance_metaAttribute_override" time="0.053" classname="org.genericsystem.mutability.AutomaticMetaAttributeCreationTest"/>
  <testcase name="test005_setInstance_metaAttribute_engine" time="0.006" classname="org.genericsystem.mutability.AutomaticMetaAttributeCreationTest"/>
  <testcase name="test008_setInstance_metaAttribute_override" time="0.025" classname="org.genericsystem.mutability.AutomaticMetaAttributeCreationTest"/>
  <testcase name="test003_addInstance_metaAttribute_override" time="0.015" classname="org.genericsystem.mutability.AutomaticMetaAttributeCreationTest"/>
  <testcase name="test006_setInstance_metaAttribute_attribute" time="0.027" classname="org.genericsystem.mutability.AutomaticMetaAttributeCreationTest"/>
  <testcase name="test007_setInstance_metaAttribute_override" time="0.025" classname="org.genericsystem.mutability.AutomaticMetaAttributeCreationTest"/>
  <testcase name="test001_addInstance_metaAttribute" time="0.006" classname="org.genericsystem.mutability.AutomaticMetaAttributeCreationTest"/>
</testsuite> <!-- org.genericsystem.mutability.AutomaticMetaAttributeCreationTest -->
