<?xml version="1.0" encoding="UTF-8"?>
<!-- Generated by org.testng.reporters.JUnitReportReporter -->
<testsuite hostname="middleware-G551JM" name="org.genericsystem.mutability.AnnotationTest" tests="21" failures="0" timestamp="28 Feb 2015 09:35:56 GMT" time="0.290" errors="0">
  <testcase name="test004_instanceof" time="0.002" classname="org.genericsystem.mutability.AnnotationTest"/>
  <testcase name="test002_instanceof_getInstances" time="0.004" classname="org.genericsystem.mutability.AnnotationTest"/>
  <testcase name="test000_Generic" time="0.008" classname="org.genericsystem.mutability.AnnotationTest"/>
  <testcase name="test013_MultiInheritanceComplexStructural" time="0.028" classname="org.genericsystem.mutability.AnnotationTest"/>
  <testcase name="test001_instanceof" time="0.003" classname="org.genericsystem.mutability.AnnotationTest"/>
  <testcase name="test011_getDirectSubGenericsWithDiamondProblem" time="0.015" classname="org.genericsystem.mutability.AnnotationTest"/>
  <testcase name="test009_SymetricSuperRelation" time="0.023" classname="org.genericsystem.mutability.AnnotationTest"/>
  <testcase name="test012_Value" time="0.026" classname="org.genericsystem.mutability.AnnotationTest"/>
  <testcase name="test005_SuperAttribute" time="0.011" classname="org.genericsystem.mutability.AnnotationTest"/>
  <testcase name="test010_TernaryRelation" time="0.021" classname="org.genericsystem.mutability.AnnotationTest"/>
  <testcase name="test001_remove" time="0.003" classname="org.genericsystem.mutability.AnnotationTest"/>
  <testcase name="test003_Attribute" time="0.008" classname="org.genericsystem.mutability.AnnotationTest"/>
  <testcase name="test003_instanceof" time="0.005" classname="org.genericsystem.mutability.AnnotationTest"/>
  <testcase name="test007_Relation" time="0.014" classname="org.genericsystem.mutability.AnnotationTest"/>
  <testcase name="test006_AttributeOnAttribute" time="0.020" classname="org.genericsystem.mutability.AnnotationTest"/>
  <testcase name="test014_MultiInheritanceComplexValue" time="0.047" classname="org.genericsystem.mutability.AnnotationTest"/>
  <testcase name="test001_Generic" time="0.009" classname="org.genericsystem.mutability.AnnotationTest"/>
  <testcase name="test008_SubRelation" time="0.018" classname="org.genericsystem.mutability.AnnotationTest"/>
  <testcase name="test004_AttributeValue" time="0.011" classname="org.genericsystem.mutability.AnnotationTest"/>
  <testcase name="test002_SuperGeneric" time="0.007" classname="org.genericsystem.mutability.AnnotationTest"/>
  <testcase name="test002_instanceof" time="0.007" classname="org.genericsystem.mutability.AnnotationTest"/>
</testsuite> <!-- org.genericsystem.mutability.AnnotationTest -->
