<?xml version="1.0" encoding="UTF-8"?>
<!-- Generated by org.testng.reporters.JUnitReportReporter -->
<testsuite hostname="middleware-G551JM" name="org.genericsystem.mutability.NotRemovableTestOneCache" tests="4" failures="0" timestamp="28 Feb 2015 09:35:56 GMT" time="0.028" errors="0">
  <testcase name="test001_aliveEx" time="0.007" classname="org.genericsystem.mutability.NotRemovableTestOneCache"/>
  <testcase name="test002_aliveEx" time="0.008" classname="org.genericsystem.mutability.NotRemovableTestOneCache"/>
  <testcase name="test002_referenceEx" time="0.006" classname="org.genericsystem.mutability.NotRemovableTestOneCache"/>
  <testcase name="test003_referenceEx" time="0.007" classname="org.genericsystem.mutability.NotRemovableTestOneCache"/>
</testsuite> <!-- org.genericsystem.mutability.NotRemovableTestOneCache -->
