<?xml version="1.0" encoding="UTF-8"?>
<!-- Generated by org.testng.reporters.JUnitReportReporter -->
<testsuite hostname="middleware-G551JM" name="org.genericsystem.mutability.RelationTest" tests="13" failures="0" timestamp="28 Feb 2015 09:35:56 GMT" time="0.360" errors="0">
  <testcase name="test007_addInstance_ofSubRelation" time="0.023" classname="org.genericsystem.mutability.RelationTest"/>
  <testcase name="test003_addInstance_reflexiveRelation" time="0.015" classname="org.genericsystem.mutability.RelationTest"/>
  <testcase name="test001_addInstance_NotAliveException_withMetaRelation" time="0.023" classname="org.genericsystem.mutability.RelationTest"/>
  <testcase name="test006_inherits_different_than_instance" time="0.030" classname="org.genericsystem.mutability.RelationTest"/>
  <testcase name="test005_addInheritsRelations_OnSameStructural" time="0.017" classname="org.genericsystem.mutability.RelationTest"/>
  <testcase name="test004_addInheritsRelation" time="0.027" classname="org.genericsystem.mutability.RelationTest"/>
  <testcase name="test001_addInstance_NotAliveException" time="0.019" classname="org.genericsystem.mutability.RelationTest"/>
  <testcase name="test009" time="0.049" classname="org.genericsystem.mutability.RelationTest"/>
  <testcase name="test002_addInstance_2composites_MetaRelation" time="0.020" classname="org.genericsystem.mutability.RelationTest"/>
  <testcase name="test002_addInstance_2composites" time="0.022" classname="org.genericsystem.mutability.RelationTest"/>
  <testcase name="test010" time="0.048" classname="org.genericsystem.mutability.RelationTest"/>
  <testcase name="test008" time="0.045" classname="org.genericsystem.mutability.RelationTest"/>
  <testcase name="test003_addInstance_reflexiveRelation_MetaRelation" time="0.022" classname="org.genericsystem.mutability.RelationTest"/>
</testsuite> <!-- org.genericsystem.mutability.RelationTest -->
