<?xml version="1.0" encoding="UTF-8"?>
<!-- Generated by org.testng.reporters.JUnitReportReporter -->
<testsuite hostname="middleware-XPS-8300" name="org.genericsystem.mutability.RequiredConstraintTest" tests="5" failures="0" timestamp="4 Mar 2015 09:41:51 GMT" time="0.053" errors="0">
  <testcase name="test001_enableRequired" time="0.013" classname="org.genericsystem.mutability.RequiredConstraintTest"/>
  <testcase name="test001_Inheritance" time="0.009" classname="org.genericsystem.mutability.RequiredConstraintTest"/>
  <testcase name="test01_Inheritance" time="0.016" classname="org.genericsystem.mutability.RequiredConstraintTest"/>
  <testcase name="test00_Inheritance" time="0.007" classname="org.genericsystem.mutability.RequiredConstraintTest"/>
  <testcase name="test000_Inheritance" time="0.008" classname="org.genericsystem.mutability.RequiredConstraintTest"/>
</testsuite> <!-- org.genericsystem.mutability.RequiredConstraintTest -->
