<?xml version="1.0" encoding="UTF-8"?>
<!-- Generated by org.testng.reporters.JUnitReportReporter -->
<testsuite hostname="middleware-G551JM" name="org.genericsystem.mutability.BindingServiceTest" tests="2" failures="0" timestamp="28 Feb 2015 09:35:56 GMT" time="0.005" errors="0">
  <testcase name="test001_addInstance" time="0.002" classname="org.genericsystem.mutability.BindingServiceTest"/>
  <testcase name="test002_addSameValueKO" time="0.003" classname="org.genericsystem.mutability.BindingServiceTest"/>
</testsuite> <!-- org.genericsystem.mutability.BindingServiceTest -->
