<?xml version="1.0" encoding="UTF-8"?>
<!-- Generated by org.testng.reporters.JUnitReportReporter -->
<testsuite hostname="middleware-G551JM" name="org.genericsystem.mutability.TreeTest" tests="12" failures="0" timestamp="28 Feb 2015 09:35:56 GMT" time="0.114" errors="0">
  <testcase name="testTraverseTree" time="0.006" classname="org.genericsystem.mutability.TreeTest"/>
  <testcase name="test003" time="0.010" classname="org.genericsystem.mutability.TreeTest"/>
  <testcase name="test006" time="0.005" classname="org.genericsystem.mutability.TreeTest"/>
  <testcase name="test002" time="0.009" classname="org.genericsystem.mutability.TreeTest"/>
  <testcase name="test001" time="0.006" classname="org.genericsystem.mutability.TreeTest"/>
  <testcase name="test005" time="0.016" classname="org.genericsystem.mutability.TreeTest"/>
  <testcase name="test007" time="0.019" classname="org.genericsystem.mutability.TreeTest"/>
  <testcase name="test004" time="0.017" classname="org.genericsystem.mutability.TreeTest"/>
  <testcase name="testTree3" time="0.005" classname="org.genericsystem.mutability.TreeTest"/>
  <testcase name="testTree1" time="0.004" classname="org.genericsystem.mutability.TreeTest"/>
  <testcase name="test008" time="0.012" classname="org.genericsystem.mutability.TreeTest"/>
  <testcase name="testTree2" time="0.005" classname="org.genericsystem.mutability.TreeTest"/>
</testsuite> <!-- org.genericsystem.mutability.TreeTest -->
