<?xml version="1.0" encoding="UTF-8"?>
<!-- Generated by org.testng.reporters.JUnitReportReporter -->
<testsuite hostname="middleware-XPS-8300" name="org.genericsystem.mutability.NotRemovableTestManyCaches" tests="1" failures="0" timestamp="4 Mar 2015 09:41:51 GMT" time="0.006" errors="0">
  <testcase name="test001_aliveEx" time="0.006" classname="org.genericsystem.mutability.NotRemovableTestManyCaches"/>
</testsuite> <!-- org.genericsystem.mutability.NotRemovableTestManyCaches -->
