<?xml version="1.0" encoding="UTF-8"?>
<!-- Generated by org.testng.reporters.JUnitReportReporter -->
<testsuite hostname="middleware-G551JM" name="org.genericsystem.mutability.IteratorAndRemoveTest" tests="5" failures="0" timestamp="28 Feb 2015 09:35:56 GMT" time="0.022" errors="0">
  <testcase name="test002_IterateAndRemove" time="0.005" classname="org.genericsystem.mutability.IteratorAndRemoveTest"/>
  <testcase name="test005_IterateAndRemoveInLoop_beforeFindIt" time="0.004" classname="org.genericsystem.mutability.IteratorAndRemoveTest"/>
  <testcase name="test004_IterateAndRemoveInLoop_beforeFindIt" time="0.005" classname="org.genericsystem.mutability.IteratorAndRemoveTest"/>
  <testcase name="test007_IterateAndRemoveInLoop_attributes" time="0.004" classname="org.genericsystem.mutability.IteratorAndRemoveTest"/>
  <testcase name="test006_IterateAndRemoveInLoop_attributes" time="0.004" classname="org.genericsystem.mutability.IteratorAndRemoveTest"/>
</testsuite> <!-- org.genericsystem.mutability.IteratorAndRemoveTest -->
