<?xml version="1.0" encoding="UTF-8"?>
<!-- Generated by org.testng.reporters.JUnitReportReporter -->
<testsuite hostname="middleware-XPS-8300" name="org.genericsystem.mutability.TreeTest" tests="12" failures="0" timestamp="4 Mar 2015 09:41:51 GMT" time="0.087" errors="0">
  <testcase name="testTree1" time="0.006" classname="org.genericsystem.mutability.TreeTest"/>
  <testcase name="test006" time="0.004" classname="org.genericsystem.mutability.TreeTest"/>
  <testcase name="test004" time="0.005" classname="org.genericsystem.mutability.TreeTest"/>
  <testcase name="test008" time="0.016" classname="org.genericsystem.mutability.TreeTest"/>
  <testcase name="testTree3" time="0.007" classname="org.genericsystem.mutability.TreeTest"/>
  <testcase name="testTree2" time="0.005" classname="org.genericsystem.mutability.TreeTest"/>
  <testcase name="testTraverseTree" time="0.008" classname="org.genericsystem.mutability.TreeTest"/>
  <testcase name="test005" time="0.007" classname="org.genericsystem.mutability.TreeTest"/>
  <testcase name="test001" time="0.003" classname="org.genericsystem.mutability.TreeTest"/>
  <testcase name="test003" time="0.006" classname="org.genericsystem.mutability.TreeTest"/>
  <testcase name="test007" time="0.016" classname="org.genericsystem.mutability.TreeTest"/>
  <testcase name="test002" time="0.004" classname="org.genericsystem.mutability.TreeTest"/>
</testsuite> <!-- org.genericsystem.mutability.TreeTest -->
