<?xml version="1.0" encoding="UTF-8"?>
<!-- Generated by org.testng.reporters.JUnitReportReporter -->
<testsuite hostname="middleware-XPS-8300" name="org.genericsystem.mutability.NotRemovableTestOneCache" tests="4" failures="0" timestamp="4 Mar 2015 09:41:51 GMT" time="0.024" errors="0">
  <testcase name="test002_aliveEx" time="0.006" classname="org.genericsystem.mutability.NotRemovableTestOneCache"/>
  <testcase name="test003_referenceEx" time="0.007" classname="org.genericsystem.mutability.NotRemovableTestOneCache"/>
  <testcase name="test001_aliveEx" time="0.006" classname="org.genericsystem.mutability.NotRemovableTestOneCache"/>
  <testcase name="test002_referenceEx" time="0.005" classname="org.genericsystem.mutability.NotRemovableTestOneCache"/>
</testsuite> <!-- org.genericsystem.mutability.NotRemovableTestOneCache -->
