<?xml version="1.0" encoding="UTF-8"?>
<!-- Generated by org.testng.reporters.JUnitReportReporter -->
<testsuite hostname="middleware-G551JM" name="org.genericsystem.mutability.ReferentialIntegrityConstraintTest" tests="9" failures="0" timestamp="28 Feb 2015 09:35:56 GMT" time="0.190" errors="0">
  <testcase name="test007_enableReferentialIntegrity_remove" time="0.014" classname="org.genericsystem.mutability.ReferentialIntegrityConstraintTest"/>
  <testcase name="test006_enableReferentialIntegrity_remove" time="0.014" classname="org.genericsystem.mutability.ReferentialIntegrityConstraintTest"/>
  <testcase name="test004_enableReferentialIntegrity_remove" time="0.023" classname="org.genericsystem.mutability.ReferentialIntegrityConstraintTest"/>
  <testcase name="test005_enableReferentialIntegrity_remove2" time="0.019" classname="org.genericsystem.mutability.ReferentialIntegrityConstraintTest"/>
  <testcase name="test001_enableReferentialIntegrity_remove" time="0.032" classname="org.genericsystem.mutability.ReferentialIntegrityConstraintTest"/>
  <testcase name="test005_enableReferentialIntegrity_remove" time="0.033" classname="org.genericsystem.mutability.ReferentialIntegrityConstraintTest"/>
  <testcase name="test005_enableReferentialIntegrity_remove3" time="0.020" classname="org.genericsystem.mutability.ReferentialIntegrityConstraintTest"/>
  <testcase name="test002_enableReferentialIntegrity_remove" time="0.018" classname="org.genericsystem.mutability.ReferentialIntegrityConstraintTest"/>
  <testcase name="test008_enableReferentialIntegrity_remove" time="0.017" classname="org.genericsystem.mutability.ReferentialIntegrityConstraintTest"/>
</testsuite> <!-- org.genericsystem.mutability.ReferentialIntegrityConstraintTest -->
