<?xml version="1.0" encoding="UTF-8"?>
<!-- Generated by org.testng.reporters.JUnitReportReporter -->
<testsuite hostname="middleware-G551JM" name="org.genericsystem.mutability.HolderTest" tests="11" failures="0" timestamp="28 Feb 2015 09:35:56 GMT" time="0.134" errors="0">
  <testcase name="testHolder1AttributWith2LevelsInheritance1AttributOnFirstChild" time="0.011" classname="org.genericsystem.mutability.HolderTest"/>
  <testcase name="testHolder1AttributWith2LevelsInheritance2children1AttributOnParent" time="0.012" classname="org.genericsystem.mutability.HolderTest"/>
  <testcase name="testHolderOverrideWithDifferentValue2ChainedAttributWith2LevelsInheritance2AttributsOnParent" time="0.014" classname="org.genericsystem.mutability.HolderTest"/>
  <testcase name="testHolderOverrideWithDifferentValue1AttributWith2LevelsInheritance1AttributOnParent" time="0.012" classname="org.genericsystem.mutability.HolderTest"/>
  <testcase name="testHolderOverrideWithDifferentValue2ChainedAttributsWith3LevelsInheritance1AttributOnParentOverrideOnFirstChild" time="0.019" classname="org.genericsystem.mutability.HolderTest"/>
  <testcase name="testHolderOverrideWithDifferentValue1AttributWith3LevelsInheritance1AttributOnParentOverrideOnSecondChild" time="0.013" classname="org.genericsystem.mutability.HolderTest"/>
  <testcase name="testHolder1AttributWith2LevelsInheritance1AttributOnParent" time="0.010" classname="org.genericsystem.mutability.HolderTest"/>
  <testcase name="test2ChainedAttributs" time="0.012" classname="org.genericsystem.mutability.HolderTest"/>
  <testcase name="testHolder1Attribut" time="0.008" classname="org.genericsystem.mutability.HolderTest"/>
  <testcase name="testHolderOverrideWithSameValue1AttributWith2LevelsInheritance1AttributOnParent" time="0.010" classname="org.genericsystem.mutability.HolderTest"/>
  <testcase name="testHolderOverrideWithDifferentValue1AttributWith3LevelsInheritance1AttributOnParentOverrideOnFirstChild" time="0.013" classname="org.genericsystem.mutability.HolderTest"/>
</testsuite> <!-- org.genericsystem.mutability.HolderTest -->
