<?xml version="1.0" encoding="UTF-8"?>
<!-- Generated by org.testng.reporters.JUnitReportReporter -->
<testsuite hostname="middleware-G551JM" name="org.genericsystem.mutability.WeakEquivTest" tests="2" failures="0" timestamp="28 Feb 2015 09:35:56 GMT" time="0.031" errors="0">
  <testcase name="test004_weakEquiv_Relation_SingularConstraintAndReferencialIntegrity_supers" time="0.014" classname="org.genericsystem.mutability.WeakEquivTest"/>
  <testcase name="test005_weakEquiv_Relation_SingularConstraintAndReferencialIntegrity_setInstance" time="0.017" classname="org.genericsystem.mutability.WeakEquivTest"/>
</testsuite> <!-- org.genericsystem.mutability.WeakEquivTest -->
