<?xml version="1.0" encoding="UTF-8"?>
<!-- Generated by org.testng.reporters.JUnitReportReporter -->
<testsuite hostname="middleware-G551JM" name="org.genericsystem.mutability.MultiInheritanceTest" tests="2" failures="0" timestamp="28 Feb 2015 09:35:56 GMT" time="0.022" errors="0">
  <testcase name="multiInheritance" time="0.010" classname="org.genericsystem.mutability.MultiInheritanceTest"/>
  <testcase name="multiInheritanceWithDiamond" time="0.012" classname="org.genericsystem.mutability.MultiInheritanceTest"/>
</testsuite> <!-- org.genericsystem.mutability.MultiInheritanceTest -->
