<?xml version="1.0" encoding="UTF-8"?>
<!-- Generated by org.testng.reporters.JUnitReportReporter -->
<testsuite hostname="middleware-G551JM" name="org.genericsystem.mutability.NotRemovableTestManyCaches" tests="1" failures="0" timestamp="28 Feb 2015 09:35:56 GMT" time="0.005" errors="0">
  <testcase name="test001_aliveEx" time="0.005" classname="org.genericsystem.mutability.NotRemovableTestManyCaches"/>
</testsuite> <!-- org.genericsystem.mutability.NotRemovableTestManyCaches -->
