<?xml version="1.0" encoding="UTF-8"?>
<!-- Generated by org.testng.reporters.JUnitReportReporter -->
<testsuite hostname="middleware-G551JM" name="org.genericsystem.mutability.GenericTest" tests="12" failures="0" timestamp="28 Feb 2015 09:35:56 GMT" time="0.186" errors="0">
  <testcase name="testAddInheriting" time="0.008" classname="org.genericsystem.mutability.GenericTest"/>
  <testcase name="testMultiInheritance3" time="0.015" classname="org.genericsystem.mutability.GenericTest"/>
  <testcase name="testMultiInheritance2" time="0.015" classname="org.genericsystem.mutability.GenericTest"/>
  <testcase name="testAddAttributeWithOverride" time="0.021" classname="org.genericsystem.mutability.GenericTest"/>
  <testcase name="testAddAttributeWithOverride3" time="0.024" classname="org.genericsystem.mutability.GenericTest"/>
  <testcase name="testGetInstances" time="0.023" classname="org.genericsystem.mutability.GenericTest"/>
  <testcase name="testAddAttributeWithOverride2" time="0.022" classname="org.genericsystem.mutability.GenericTest"/>
  <testcase name="testAddAttribute" time="0.019" classname="org.genericsystem.mutability.GenericTest"/>
  <testcase name="testMultiInheritance" time="0.015" classname="org.genericsystem.mutability.GenericTest"/>
  <testcase name="testSetInstance" time="0.007" classname="org.genericsystem.mutability.GenericTest"/>
  <testcase name="testAddInstance" time="0.012" classname="org.genericsystem.mutability.GenericTest"/>
  <testcase name="testEngine" time="0.005" classname="org.genericsystem.mutability.GenericTest"/>
</testsuite> <!-- org.genericsystem.mutability.GenericTest -->
