<?xml version="1.0" encoding="UTF-8"?>
<!-- Generated by org.testng.reporters.JUnitReportReporter -->
<testsuite hostname="middleware-XPS-8300" name="org.genericsystem.mutability.RemoveTest" tests="9" failures="0" timestamp="4 Mar 2015 09:41:51 GMT" time="0.449" errors="0">
  <testcase name="test003_removeAndAdd" time="0.039" classname="org.genericsystem.mutability.RemoveTest"/>
  <testcase name="test006_removeStructural_withHolder" time="0.025" classname="org.genericsystem.mutability.RemoveTest"/>
  <testcase name="test002_multipleHolders" time="0.084" classname="org.genericsystem.mutability.RemoveTest"/>
  <testcase name="test007_removeConcretAndAttribut" time="0.026" classname="org.genericsystem.mutability.RemoveTest"/>
  <testcase name="test001_simpleHolder" time="0.195" classname="org.genericsystem.mutability.RemoveTest"/>
  <testcase name="test009_removeConcret" time="0.013" classname="org.genericsystem.mutability.RemoveTest"/>
  <testcase name="test005_removeConcret_withHolder" time="0.019" classname="org.genericsystem.mutability.RemoveTest"/>
  <testcase name="test004_removeAndAddAndRemove" time="0.031" classname="org.genericsystem.mutability.RemoveTest"/>
  <testcase name="test008_removeInstanceAndAttribute" time="0.017" classname="org.genericsystem.mutability.RemoveTest"/>
</testsuite> <!-- org.genericsystem.mutability.RemoveTest -->
