<?xml version="1.0" encoding="UTF-8"?>
<!-- Generated by org.testng.reporters.JUnitReportReporter -->
<testsuite hostname="middleware-G551JM" name="org.genericsystem.mutability.AncestorsServiceTest" tests="4" failures="0" timestamp="28 Feb 2015 09:35:56 GMT" time="0.061" errors="0">
  <testcase name="isAncestorOfViaComposite" time="0.013" classname="org.genericsystem.mutability.AncestorsServiceTest"/>
  <testcase name="isAncestorOfByInheritenceSimpleConfiguration" time="0.009" classname="org.genericsystem.mutability.AncestorsServiceTest"/>
  <testcase name="isAncestorOfViaComponent" time="0.021" classname="org.genericsystem.mutability.AncestorsServiceTest"/>
  <testcase name="isAncestorOfByInheritence" time="0.018" classname="org.genericsystem.mutability.AncestorsServiceTest"/>
</testsuite> <!-- org.genericsystem.mutability.AncestorsServiceTest -->
