<?xml version="1.0" encoding="UTF-8"?>
<!-- Generated by org.testng.reporters.JUnitReportReporter -->
<testsuite hostname="middleware-XPS-8300" name="org.genericsystem.mutability.ClassFinderTest" tests="9" failures="0" timestamp="4 Mar 2015 09:41:51 GMT" time="0.154" errors="0">
  <testcase name="test5" time="0.015" classname="org.genericsystem.mutability.ClassFinderTest"/>
  <testcase name="test6" time="0.019" classname="org.genericsystem.mutability.ClassFinderTest"/>
  <testcase name="test1" time="0.028" classname="org.genericsystem.mutability.ClassFinderTest"/>
  <testcase name="test10" time="0.009" classname="org.genericsystem.mutability.ClassFinderTest"/>
  <testcase name="test11" time="0.008" classname="org.genericsystem.mutability.ClassFinderTest"/>
  <testcase name="test2" time="0.017" classname="org.genericsystem.mutability.ClassFinderTest"/>
  <testcase name="test8" time="0.022" classname="org.genericsystem.mutability.ClassFinderTest"/>
  <testcase name="test7" time="0.018" classname="org.genericsystem.mutability.ClassFinderTest"/>
  <testcase name="test9" time="0.018" classname="org.genericsystem.mutability.ClassFinderTest"/>
</testsuite> <!-- org.genericsystem.mutability.ClassFinderTest -->
